This is XeTeX, Version 3.14159265-2.6-0.99998 (TeX Live 2017/Arch Linux) (preloaded format=xelatex 2017.10.31)  19 DEC 2017 13:13
entering extended mode
 restricted \write18 enabled.
 %&-line parsing enabled.
**LIVRO.tex
(./LIVRO.tex
LaTeX2e <2017-04-15>
Babel <3.12> and hyphenation patterns for 84 language(s) loaded.
(/usr/share/texmf-dist/tex/latex/memoir/memoir.cls
Document Class: memoir 2016/05/16 v3.7f configurable book, report, article docu
ment class
\onelineskip=\skip41
\lxvchars=\skip42
\xlvchars=\skip43
\@memcnta=\count79
\c@@memmarkcntra=\count80
(/usr/share/texmf-dist/tex/generic/oberdiek/ifpdf.sty
Package: ifpdf 2017/03/15 v3.2 Provides the ifpdf switch
)
(/usr/share/texmf-dist/tex/latex/ifetex/ifetex.sty
Package: ifetex 2011/12/15 v1.2 ifetex

(/usr/share/texmf-dist/tex/plain/ifetex/ifetex.tex))
(/usr/share/texmf-dist/tex/generic/ifxetex/ifxetex.sty
Package: ifxetex 2010/09/12 v0.6 Provides ifxetex conditional
)
(/usr/share/texmf-dist/tex/generic/oberdiek/ifluatex.sty
Package: ifluatex 2016/05/16 v1.4 Provides the ifluatex switch (HO)
Package ifluatex Info: LuaTeX not detected.
)
\stockheight=\skip44
\stockwidth=\skip45
\trimtop=\skip46
\trimedge=\skip47

(/usr/share/texmf-dist/tex/latex/memoir/mem11.clo
File: mem11.clo 2008/01/30 v0.3 memoir class 11pt size option
)
\binding=\skip48
\spinemargin=\skip49
\foremargin=\skip50
\uppermargin=\skip51
\lowermargin=\skip52
\headdrop=\skip53
\normalrulethickness=\skip54
\mem@maxheadheight=\skip55
\mem@maxfootheight=\skip56
\headwidth=\skip57
\c@storedpagenumber=\count81
\memPD=\dimen102
\m@mabparskip=\skip58
\thanksmarkwidth=\skip59
\thanksmarksep=\skip60
\droptitle=\skip61
\c@book=\count82
\c@part=\count83
\c@chapter=\count84
\c@section=\count85
\c@subsection=\count86
\c@subsubsection=\count87
\c@paragraph=\count88
\c@subparagraph=\count89
\beforechapskip=\skip62
\midchapskip=\skip63
\afterchapskip=\skip64
\chapindent=\skip65
\bottomsectionskip=\skip66
\secindent=\skip67
\beforesecskip=\skip68
\aftersecskip=\skip69
\subsecindent=\skip70
\beforesubsecskip=\skip71
\aftersubsecskip=\skip72
\subsubsecindent=\skip73
\beforesubsubsecskip=\skip74
\aftersubsubsecskip=\skip75
\paraindent=\skip76
\beforeparaskip=\skip77
\afterparaskip=\skip78
\subparaindent=\skip79
\beforesubparaskip=\skip80
\aftersubparaskip=\skip81
\pfbreakskip=\skip82
\c@@ppsavesec=\count90
\c@@ppsaveapp=\count91
\ragrparindent=\dimen103
\everylistparindent=\dimen104
\parsepi=\skip83
\topsepi=\skip84
\itemsepi=\skip85
\parsepii=\skip86
\topsepii=\skip87
\topsepiii=\skip88
\itemsepii=\skip89
\itemsepiii=\skip90
\partopsepii=\skip91
\partopsepiii=\skip92
\m@msavetopsep=\skip93
\m@msavepartopsep=\skip94
\@enLab=\toks14
\abstitleskip=\skip95
\absleftindent=\skip96
\abs@leftindent=\dimen105
\absrightindent=\skip97
\absparindent=\skip98
\absparsep=\skip99
\c@vslineno=\count92
\c@poemline=\count93
\c@modulo@vs=\count94
\c@memfvsline=\count95
\vleftskip=\skip100
\vrightskip=\skip101
\stanzaskip=\skip102
\versewidth=\skip103
\vgap=\skip104
\vindent=\skip105
\vleftmargin=\dimen106
\c@verse=\count96
\c@chrsinstr=\count97
\beforepoemtitleskip=\skip106
\afterpoemtitleskip=\skip107
\c@poem=\count98
\beforePoemTitleskip=\skip108
\midPoemTitleskip=\skip109
\afterPoemTitleskip=\skip110
\col@sep=\dimen107
\extrarowheight=\dimen108
\NC@list=\toks15
\extratabsurround=\skip111
\backup@length=\skip112
\TX@col@width=\dimen109
\TX@old@table=\dimen110
\TX@old@col=\dimen111
\TX@target=\dimen112
\TX@delta=\dimen113
\TX@cols=\count99
\TX@ftn=\toks16
\heavyrulewidth=\dimen114
\lightrulewidth=\dimen115
\cmidrulewidth=\dimen116
\belowrulesep=\dimen117
\belowbottomsep=\dimen118
\aboverulesep=\dimen119
\abovetopsep=\dimen120
\cmidrulesep=\dimen121
\cmidrulekern=\dimen122
\defaultaddspace=\dimen123
\@cmidla=\count100
\@cmidlb=\count101
\@aboverulesep=\dimen124
\@belowrulesep=\dimen125
\@thisruleclass=\count102
\@lastruleclass=\count103
\@thisrulewidth=\dimen126
\ctableftskip=\skip113
\ctabrightskip=\skip114
\abovecolumnspenalty=\count104
\@linestogo=\count105
\@cellstogo=\count106
\@cellsincolumn=\count107
\crtok=\toks17
\@mincolumnwidth=\dimen127
\c@newflo@tctr=\count108
\mem@margin@floatbox=\box26
\@contcwidth=\skip115
\@contindw=\skip116
\abovecaptionskip=\skip117
\belowcaptionskip=\skip118
\subfloattopskip=\skip119
\subfloatcapskip=\skip120
\subfloatcaptopadj=\skip121
\subfloatbottomskip=\skip122
\subfloatlabelskip=\skip123
\subfloatcapmargin=\dimen128
\c@@contsubnum=\count109
\m@mscap@capbox=\box27
\m@mscap@fbox=\box28
\sidecapsep=\dimen129
\sidecapwidth=\dimen130
\m@m@tempdima=\dimen131
\m@mscapraise=\dimen132
\sidecapraise=\dimen133
\m@mscapmainwidth=\dimen134
\m@mscaplkern=\dimen135
\beforeepigraphskip=\skip124
\afterepigraphskip=\skip125
\epigraphwidth=\skip126
\epigraphrule=\skip127
LaTeX Info: Redefining \em on input line 7551.
LaTeX Info: Redefining \emph on input line 7559.
\tocentryskip=\skip128
\tocbaseline=\skip129
\cftparskip=\skip130
\cftbeforebookskip=\skip131
\cftbookindent=\dimen136
\cftbooknumwidth=\dimen137
\cftbeforepartskip=\skip132
\cftpartindent=\skip133
\cftpartnumwidth=\skip134
\cftbeforechapterskip=\skip135
\cftchapterindent=\skip136
\cftchapternumwidth=\skip137
\cftbeforesectionskip=\skip138
\cftsectionindent=\skip139
\cftsectionnumwidth=\skip140
\cftbeforesubsectionskip=\skip141
\cftsubsectionindent=\skip142
\cftsubsectionnumwidth=\skip143
\cftbeforesubsubsectionskip=\skip144
\cftsubsubsectionindent=\skip145
\cftsubsubsectionnumwidth=\skip146
\cftbeforeparagraphskip=\skip147
\cftparagraphindent=\skip148
\cftparagraphnumwidth=\skip149
\cftbeforesubparagraphskip=\skip150
\cftsubparagraphindent=\skip151
\cftsubparagraphnumwidth=\skip152
\prechapterprecisshift=\dimen138
\c@maxsecnumdepth=\count110
\bibindent=\dimen139
\bibitemsep=\skip153
\indexcolsep=\skip154
\indexrule=\skip155
\indexmarkstyle=\toks18
\@indexbox=\insert199
\glossarycolsep=\dimen140
\glossaryrule=\dimen141
\sideparvshift=\skip156
\sideins=\insert198
\sidebartopsep=\skip157
\sidebarhsep=\skip158
\sidebarvsep=\skip159
\sidebarwidth=\skip160
\footmarkwidth=\skip161
\footmarksep=\skip162
\footparindent=\skip163
\footinsdim=\skip164
\footinsv@r=\insert197
\@mpfootinsv@r=\insert196
\m@m@k=\count111
\m@m@h=\dimen142
\m@mipn@skip=\skip165
\sidefootins=\insert195
\sidefootadjust=\skip166
\sidefootheight=\skip167
\sidefoothsep=\skip168
\sidefootvsep=\skip169
\sidefootwidth=\skip170
\m@mdownsf=\skip171
\c@sidefootnote=\count112
\sidefootmarkwidth=\skip172
\sidefootmarksep=\skip173
\sidefootparindent=\skip174
\c@pagenote=\count113
\c@pagenoteshadow=\count114
\mem@pn@lastkern=\skip175
\every@verbatim=\toks19
\afterevery@verbatim=\toks20
\verbatim@line=\toks21
\tab@position=\count115
\verbatim@in@stream=\read1
\verbatimindent=\skip176
\verbatim@out=\write3
\bvboxsep=\skip177
\c@memfbvline=\count116
\c@bvlinectr=\count117
\bvnumlength=\skip178
\fb@frw=\dimen143
\fb@frh=\dimen144
\FrameRule=\dimen145
\FrameSep=\dimen146
\c@cp@cntr=\count118
LaTeX Info: Redefining \: on input line 12068.
LaTeX Info: Redefining \! on input line 12070.
\c@ism@mctr=\count119
\c@xsm@mctr=\count120
\c@csm@mctr=\count121
\c@ksm@mctr=\count122
\c@xksm@mctr=\count123
\c@cksm@mctr=\count124
\c@msm@mctr=\count125
\c@xmsm@mctr=\count126
\c@cmsm@mctr=\count127
\c@bsm@mctr=\count128
\c@workm@mctr=\count129
\c@sheetsequence=\count130
\c@lastsheet=\count131
\c@lastpage=\count132
\c@figure=\count133
\c@lofdepth=\count134
\cftbeforefigureskip=\skip179
\cftfigureindent=\skip180
\cftfigurenumwidth=\skip181
\c@table=\count135
\c@lotdepth=\count136
\cftbeforetableskip=\skip182
\cfttableindent=\skip183
\cfttablenumwidth=\skip184
Package abstract [2008/07/23] emulated by memoir.
Package appendix [2008/07/23] emulated by memoir.
Package array [2008/09/09] emulated by memoir.
Package booktabs [2016/05/16] emulated by memoir.
Package ccaption [2008/07/23] emulated by memoir.
Package changepage [2008/07/23] emulated by memoir.
Package chngcntr [2008/07/23] emulated by memoir.
Package chngpage [2008/07/23] emulated by memoir.
Package crop emulated by memoir.
Package dcolumn [2008/07/23] emulated by memoir.
Package delarray [2008/07/23] emulated by memoir.
Package enumerate [2008/07/23] emulated by memoir.
Package epigraph [2008/07/23] emulated by memoir.
Package ifmtarg [2008/07/23] emulated by memoir.
Package index [2008/07/23] emulated by memoir.
Package makeidx [2008/07/23] emulated by memoir.
Package moreverb [2008/07/23] emulated by memoir.
Package mparhack [2008/07/23] emulated by memoir.
Package needspace [2008/07/23] emulated by memoir.
Package newfile [2008/07/23] emulated by memoir.
Package nextpage [2008/07/23] emulated by memoir.
Package pagenote [2008/07/23] emulated by memoir.
Package parskip [2008/07/23] emulated by memoir.
Package patchcmd [2008/07/23] emulated by memoir.
Package setspace [2008/07/23] emulated by memoir.
Package shortvrb [2008/07/23] emulated by memoir.
Package showidx [2008/07/23] emulated by memoir.
Package tabularx [2008/07/23] emulated by memoir.
Package titleref [2008/07/23] emulated by memoir.
Package titling [2008/07/23] emulated by memoir.
Package tocbibind [2008/07/23] emulated by memoir.
Package tocloft [2008/07/23] emulated by memoir.
Package tocvsec2 [2008/07/23] emulated by memoir.
Package verbatim [2008/07/23] emulated by memoir.
Package verse [2008/07/23] emulated by memoir.

(/usr/share/texmf-dist/tex/latex/memoir/mempatch.sty
Package: mempatch 2009/07/24 v6.0f Patches for memoir class v1.6180339
))
(/home/editorial/texmf/tex/hedra.sty)
(/home/editorial/texmf/tex/hedraoptions.sty

Class memoir Warning: \marginparsep is zero or negative on input line 165.


******************************************************
Stock height and width: 845.04684pt by 597.50787pt
Top and edge trims: 56.9055pt and 137.99586pt
Page height and width: 497.92322pt by 321.51613pt
Text height and width: 419.00018pt by 244pt
Spine and edge margins: 39.58745pt and 37.23499pt
Upper and lower margins: 30.34973pt and 48.5733pt
Headheight and headsep: 13.6pt and 5pt
Footskip: 27.46295pt
Columnsep and columnseprule: 10pt and 0pt
Marginparsep and marginparwidth: 0pt and 61.17342pt
Sidecapsep and sidecapwidth: 7pt and 111pt
Sidebarhsep and sidebarwidth: 7pt and 111pt
Sidebarvsep and sidebartopsep: 13.6pt and 0pt
Sidebarheight: 539.9202pt
Sidefoothsep and sidefootwidth: 7pt and 111pt
Sidefootvsep and sidefootheight: 13.6pt and 539.9202pt
******************************************************

) (/home/editorial/texmf/tex/hedrastyles.sty
(/usr/share/texmf-dist/tex/latex/textcase/textcase.sty
Package: textcase 2004/10/07 v0.07 Text only upper/lower case changing (DPC)
LaTeX Info: Redefining \MakeTextUppercase on input line 47.
LaTeX Info: Redefining \MakeTextLowercase on input line 50.
)
(/usr/share/texmf-dist/tex/latex/etoolbox/etoolbox.sty
Package: etoolbox 2017/01/02 v2.4 e-TeX tools for LaTeX (JAW)
\etb@tempcnta=\count137
))
(/home/editorial/texmf/tex/tipografia.sty
(/usr/share/texmf-dist/tex/latex/lettrine/lettrine.sty
File: lettrine.sty 2015/08/31 v1.9 (Daniel Flipo)

(/usr/share/texmf-dist/tex/latex/graphics/keyval.sty
Package: keyval 2014/10/28 v1.15 key=value parser (DPC)
\KV@toks@=\toks22
)
\c@DefaultLines=\count138
\c@DefaultDepth=\count139
\DefaultFindent=\dimen147
\DefaultNindent=\dimen148
\DefaultSlope=\dimen149
\DiscardVskip=\dimen150
\L@lbox=\box29
\L@tbox=\box30
\c@L@lines=\count140
\c@L@depth=\count141
\L@Pindent=\dimen151
\L@Findent=\dimen152
\L@Nindent=\dimen153
\L@lraise=\dimen154
\L@first=\dimen155
\L@next=\dimen156
\L@slope=\dimen157
\L@height=\dimen158
\L@novskip=\dimen159
\LettrineWidth=\dimen160
\LettrineHeight=\dimen161
\LettrineDepth=\dimen162

Loading lettrine.cfg
(/usr/share/texmf-dist/tex/latex/lettrine/lettrine.cfg))
(/usr/share/texmf-dist/tex/generic/ulem/ulem.sty
\UL@box=\box31
\UL@hyphenbox=\box32
\UL@skip=\skip185
\UL@hook=\toks23
\UL@height=\dimen163
\UL@pe=\count142
\UL@pixel=\dimen164
\ULC@box=\box33
Package: ulem 2012/05/18
\ULdepth=\dimen165
)
(/usr/share/texmf-dist/tex/latex/comment/comment.sty
\CommentStream=\write4

Excluding comment 'comment') (/usr/share/texmf-dist/tex/latex/lipsum/lipsum.sty
Package: lipsum 2014/07/27 v1.3 150 paragraphs of Lorem Ipsum dummy text
\c@lips@count=\count143
) (/usr/share/texmf-dist/tex/latex/adforn/adforn.sty
Package: adforn 2010/07/25 v1.0 adforn CFR

(/usr/share/texmf-dist/tex/latex/psnfss/pifont.sty
Package: pifont 2005/04/12 PSNFSS-v9.2a Pi font support (SPQR) 
LaTeX Font Info:    Try loading font information for U+pzd on input line 63.

(/usr/share/texmf-dist/tex/latex/psnfss/upzd.fd
File: upzd.fd 2001/06/04 font definitions for U/pzd.
)
LaTeX Font Info:    Try loading font information for U+psy on input line 64.

(/usr/share/texmf-dist/tex/latex/psnfss/upsy.fd
File: upsy.fd 2001/06/04 font definitions for U/psy.
))
LaTeX Font Info:    Try loading font information for U+OrnementsADF on input li
ne 4.

(/usr/share/texmf-dist/tex/latex/adforn/uornementsadf.fd))
(/home/editorial/texmf/tex/hifensextras.sty)
(/usr/share/texmf-dist/tex/latex/ncctools/manyfoot.sty
Package: manyfoot 2005/09/11 v1.10 Many Footnote Levels Package (NCC)

(/usr/share/texmf-dist/tex/latex/ncctools/nccfoots.sty
Package: nccfoots 2005/02/03 v1.2 NCC Footnotes Package (NCC)
)
\MFL@columnwidth=\dimen166
\footglue=\skip186
)
(/usr/share/texmf-dist/tex/latex/footmisc/footmisc.sty
Package: footmisc 2011/06/06 v5.5b a miscellany of footnote facilities
\FN@temptoken=\toks24
\footnotemargin=\dimen167


LaTeX Warning: Command \@makecol  has changed.
               Check if current package is valid.

\c@pp@next@reset=\count144

LaTeX Warning: Command \@footnotemark  has changed.
               Check if current package is valid.

Package footmisc Info: Declaring symbol style bringhurst on input line 855.
Package footmisc Info: Declaring symbol style chicago on input line 863.
Package footmisc Info: Declaring symbol style wiley on input line 872.
Package footmisc Info: Declaring symbol style lamport-robust on input line 883.

Package footmisc Info: Declaring symbol style lamport* on input line 903.
Package footmisc Info: Declaring symbol style lamport*-robust on input line 924
.
) (/usr/share/texmf-dist/tex/latex/xifthen/xifthen.sty
Package: xifthen 2015/11/05 v1.4.0 Extended ifthen features

(/usr/share/texmf-dist/tex/latex/tools/calc.sty
Package: calc 2014/10/28 v4.3 Infix arithmetic (KKT,FJ)
\calc@Acount=\count145
\calc@Bcount=\count146
\calc@Adimen=\dimen168
\calc@Bdimen=\dimen169
\calc@Askip=\skip187
\calc@Bskip=\skip188
LaTeX Info: Redefining \setlength on input line 80.
LaTeX Info: Redefining \addtolength on input line 81.
\calc@Ccount=\count147
\calc@Cskip=\skip189
)
(/usr/share/texmf-dist/tex/latex/base/ifthen.sty
Package: ifthen 2014/09/29 v1.1c Standard LaTeX ifthen package (DPC)
))
(/usr/share/texmf-dist/tex/latex/mdwtools/footnote.sty
Package: footnote 1997/01/28 1.13 Save footnotes around boxes
\fn@notes=\box34
\fn@width=\dimen170
)
\epigraphminimallength=\skip190
)
(/usr/share/texmf-dist/tex/generic/babel/babel.sty
Package: babel 2017/06/29 3.12 The Babel package

(/usr/share/texmf-dist/tex/generic/babel/switch.def
File: switch.def 2017/06/29 3.12 Babel switching mechanism
)
(/usr/share/texmf-dist/tex/generic/babel-greek/greek.ldf
Language: greek 2016/09/07 v1.9g Greek support for the babel system

(/usr/share/texmf-dist/tex/generic/babel/babel.def
File: babel.def 2017/06/29 3.12 Babel common definitions

(/usr/share/texmf-dist/tex/generic/babel/switch.def
File: switch.def 2017/06/29 3.12 Babel switching mechanism
)
\babel@savecnt=\count148
\U@D=\dimen171

(/usr/share/texmf-dist/tex/generic/babel/xebabel.def)
\bbl@dirlevel=\count149
)
\bbl@monogreek=\count150
\bbl@polygreek=\count151
\bbl@ancientgreek=\count152

(/usr/share/texmf-dist/tex/latex/greek-fontenc/lgrenc.def
File: lgrenc.def 2015/12/07 v0.13.1 LGR Greek font encoding definitions

(/usr/share/texmf-dist/tex/latex/greek-fontenc/greek-fontenc.def
File: greek-fontenc.def 2015/08/04 v0.13 Common Greek font encoding definitions

))
LaTeX Info: Composite with undeclared \< in encoding LGR on input line 418.
LaTeX Info: Composite with undeclared \> in encoding LGR on input line 418.
)
(/usr/share/texmf-dist/tex/generic/babel-english/english.ldf
Language: english 2017/06/06 v3.3r English support from the babel system
\l@canadian = a dialect from \language\l@american 
\l@australian = a dialect from \language\l@british 
\l@newzealand = a dialect from \language\l@british 
)
(/usr/share/texmf-dist/tex/generic/babel-italian/italian.ldf
Language: italian 2015/03/26 v1.3n Italian support from the babel system
\it@lettering=\count153
\it@doublequoteactive=\count154
\it@ISOcompliance=\count155
)
(/usr/share/texmf-dist/tex/generic/babel-german/ngerman.ldf
Language: ngerman 2016/11/02 v2.9 German support for babel (new orthography)

(/usr/share/texmf-dist/tex/generic/babel-german/ngermanb.ldf
Language: ngermanb 2016/11/02 v2.9 German support for babel (new orthography)
Package babel Info: Making " an active character on input line 125.
))
(/usr/share/texmf-dist/tex/generic/babel-french/frenchb.ldf
Language: frenchb 2017/07/08 v3.3b French support from the babel system

(/usr/share/texmf-dist/tex/generic/babel-french/french.ldf
Language: french 2017/07/08 v3.3b French support from the babel system
\FB@nonchar=\count156
\FBcolonsp=\toks25
\FBthinsp=\toks26
Package french.ldf Info: No need for active punctuation characters
(french.ldf)             with this version of XeTeX!
(french.ldf)             reported on input line 233.
\FB@punctthick=\XeTeXcharclass1
\FB@punctthin=\XeTeXcharclass2
\FB@punctnul=\XeTeXcharclass3
\FB@guilo=\XeTeXcharclass4
\FB@guilf=\XeTeXcharclass5
\FB@guilnul=\XeTeXcharclass6
\FBguillsp=\toks27
\FBguill@level=\count157
\FB@everypar=\toks28
\FB@Mht=\dimen172
LaTeX Info: Redefining \degres on input line 680.
\mc@charclass=\count158
\mc@charfam=\count159
\mc@charslot=\count160
\std@mcc=\count161
\dec@mcc=\count162
\listindentFB=\skip191
\descindentFB=\skip192
\labelwidthFB=\skip193
\leftmarginFB=\skip194
\parindentFFN=\dimen173
\FBfnindent=\skip256
))
(/usr/share/texmf-dist/tex/generic/babel-russian/russianb.ldf
Language: russianb 2017/01/12 1.3i Russian support for the Babel system


Package babel Warning: No Cyrillic font encoding has been loaded so far.
(babel)                A font encoding should be declared before babel.
(babel)                Default `EU1' encoding will be loaded  on input line 69.


(/usr/share/texmf-dist/tex/latex/euenc/eu1enc.def
File: eu1enc.def 2010/05/27 v0.1h Experimental Unicode font encodings
))
(/usr/share/texmf-dist/tex/generic/babel-portuges/portuges.ldf
Language: portuges 2008/03/18 v1.2q Portuguese support from the babel system
\l@brazilian = a dialect from \language\l@portuges 
))
(/usr/share/texmf-dist/tex/latex/carlisle/scalefnt.sty)
(/usr/share/texmf-dist/tex/latex/microtype/microtype.sty
Package: microtype 2017/07/07 v2.7 Micro-typographical refinements (RS)
\MT@toks=\toks29
\MT@count=\count163
LaTeX Info: Redefining \textls on input line 789.
\MT@outer@kern=\dimen174
LaTeX Info: Redefining \textmicrotypecontext on input line 1334.
\MT@listname@count=\count164

(/usr/share/texmf-dist/tex/latex/microtype/microtype-xetex.def
File: microtype-xetex.def 2017/07/07 v2.7 Definitions specific to xetex (RS)
LaTeX Info: Redefining \lsstyle on input line 255.
)
Package microtype Info: Loading configuration file microtype.cfg.

(/usr/share/texmf-dist/tex/latex/microtype/microtype.cfg
File: microtype.cfg 2017/07/07 v2.7 microtype main configuration file (RS)
))
(/usr/share/texmf-dist/tex/latex/fontspec/fontspec.sty
(/usr/share/texmf-dist/tex/latex/l3kernel/expl3.sty
Package: expl3 2017/07/19 L3 programming layer (loader) 

(/usr/share/texmf-dist/tex/latex/l3kernel/expl3-code.tex
Package: expl3 2017/07/19 L3 programming layer (code)
\c_max_int=\count165
\l_tmpa_int=\count166
\l_tmpb_int=\count167
\g_tmpa_int=\count168
\g_tmpb_int=\count169
\g__intarray_font_int=\count170
\g__prg_map_int=\count171
\c_log_iow=\count172
\l_iow_line_count_int=\count173
\l__iow_line_target_int=\count174
\l__iow_one_indent_int=\count175
\l__iow_indent_int=\count176
\c_zero_dim=\dimen175
\c_max_dim=\dimen176
\l_tmpa_dim=\dimen177
\l_tmpb_dim=\dimen178
\g_tmpa_dim=\dimen179
\g_tmpb_dim=\dimen180
\c_zero_skip=\skip257
\c_max_skip=\skip258
\l_tmpa_skip=\skip259
\l_tmpb_skip=\skip260
\g_tmpa_skip=\skip261
\g_tmpb_skip=\skip262
\c_zero_muskip=\muskip10
\c_max_muskip=\muskip11
\l_tmpa_muskip=\muskip12
\l_tmpb_muskip=\muskip13
\g_tmpa_muskip=\muskip14
\g_tmpb_muskip=\muskip15
\l_keys_choice_int=\count177
\c__fp_leading_shift_int=\count178
\c__fp_middle_shift_int=\count179
\c__fp_trailing_shift_int=\count180
\c__fp_big_leading_shift_int=\count181
\c__fp_big_middle_shift_int=\count182
\c__fp_big_trailing_shift_int=\count183
\c__fp_Bigg_leading_shift_int=\count184
\c__fp_Bigg_middle_shift_int=\count185
\c__fp_Bigg_trailing_shift_int=\count186
\l__sort_length_int=\count187
\l__sort_min_int=\count188
\l__sort_top_int=\count189
\l__sort_max_int=\count190
\l__sort_true_max_int=\count191
\l__sort_block_int=\count192
\l__sort_begin_int=\count193
\l__sort_end_int=\count194
\l__sort_A_int=\count266
\l__sort_B_int=\count267
\l__sort_C_int=\count268
\l__tl_build_start_index_int=\count269
\l__tl_build_index_int=\count270
\l__tl_analysis_normal_int=\count271
\l__tl_analysis_index_int=\count272
\l__tl_analysis_nesting_int=\count273
\l__tl_analysis_type_int=\count274
\l__regex_internal_a_int=\count275
\l__regex_internal_b_int=\count276
\l__regex_internal_c_int=\count277
\l__regex_balance_int=\count278
\l__regex_group_level_int=\count279
\l__regex_mode_int=\count280
\c__regex_cs_in_class_mode_int=\count281
\c__regex_cs_mode_int=\count282
\l__regex_catcodes_int=\count283
\l__regex_default_catcodes_int=\count284
\c__regex_catcode_L_int=\count285
\c__regex_catcode_O_int=\count286
\c__regex_catcode_A_int=\count287
\c__regex_all_catcodes_int=\count288
\l__regex_show_lines_int=\count289
\l__regex_min_state_int=\count290
\l__regex_max_state_int=\count291
\l__regex_left_state_int=\count292
\l__regex_right_state_int=\count293
\l__regex_capturing_group_int=\count294
\l__regex_min_pos_int=\count295
\l__regex_max_pos_int=\count296
\l__regex_curr_pos_int=\count297
\l__regex_start_pos_int=\count298
\l__regex_success_pos_int=\count299
\l__regex_curr_char_int=\count300
\l__regex_curr_catcode_int=\count301
\l__regex_last_char_int=\count302
\l__regex_case_changed_char_int=\count303
\l__regex_curr_state_int=\count304
\l__regex_step_int=\count305
\l__regex_min_active_int=\count306
\l__regex_max_active_int=\count307
\l__regex_replacement_csnames_int=\count308
\l__regex_match_count_int=\count309
\l__regex_min_submatch_int=\count310
\l__regex_submatch_int=\count311
\l__regex_zeroth_submatch_int=\count312
\g__debug_trace_regex_int=\count313
\c_empty_box=\box35
\l_tmpa_box=\box36
\l_tmpb_box=\box37
\g_tmpa_box=\box38
\g_tmpb_box=\box39
\l__box_top_dim=\dimen181
\l__box_bottom_dim=\dimen182
\l__box_left_dim=\dimen183
\l__box_right_dim=\dimen184
\l__box_top_new_dim=\dimen185
\l__box_bottom_new_dim=\dimen186
\l__box_left_new_dim=\dimen187
\l__box_right_new_dim=\dimen188
\l__box_internal_box=\box40
\l__coffin_internal_box=\box41
\l__coffin_internal_dim=\dimen189
\l__coffin_offset_x_dim=\dimen190
\l__coffin_offset_y_dim=\dimen191
\l__coffin_x_dim=\dimen192
\l__coffin_y_dim=\dimen193
\l__coffin_x_prime_dim=\dimen194
\l__coffin_y_prime_dim=\dimen256
\c_empty_coffin=\box42
\l__coffin_aligned_coffin=\box43
\l__coffin_aligned_internal_coffin=\box44
\l_tmpa_coffin=\box45
\l_tmpb_coffin=\box46
\l__coffin_display_coffin=\box47
\l__coffin_display_coord_coffin=\box48
\l__coffin_display_pole_coffin=\box49
\l__coffin_display_offset_dim=\dimen257
\l__coffin_display_x_dim=\dimen258
\l__coffin_display_y_dim=\dimen259
\l__coffin_bounding_shift_dim=\dimen260
\l__coffin_left_corner_dim=\dimen261
\l__coffin_right_corner_dim=\dimen262
\l__coffin_bottom_corner_dim=\dimen263
\l__coffin_top_corner_dim=\dimen264
\l__coffin_scaled_total_height_dim=\dimen265
\l__coffin_scaled_width_dim=\dimen266
)
(/usr/share/texmf-dist/tex/latex/l3kernel/l3xdvipdfmx.def
File: l3xdvidpfmx.def 2017/03/18 v L3 Experimental driver: xdvipdfmx
\g__driver_image_int=\count314
\l__driver_tmp_box=\box50
))
(/usr/share/texmf-dist/tex/latex/l3packages/xparse/xparse.sty
Package: xparse 2017/07/19 L3 Experimental document command parser
\l__xparse_current_arg_int=\count315
\g__xparse_grabber_int=\count316
\l__xparse_m_args_int=\count317
\l__xparse_mandatory_args_int=\count318
\l__xparse_v_nesting_int=\count319
)
Package: fontspec 2017/07/23 v2.6c Font selection for XeLaTeX and LuaLaTeX

(/usr/share/texmf-dist/tex/latex/fontspec/fontspec-xetex.sty
Package: fontspec-xetex 2017/07/23 v2.6c Font selection for XeLaTeX and LuaLaTe
X
\l__fontspec_script_int=\count320
\l__fontspec_language_int=\count321
\l__fontspec_strnum_int=\count322
\l__fontspec_tmp_int=\count323
\l__fontspec_em_int=\count324
\l__fontspec_emdef_int=\count325
\l__fontspec_strong_int=\count326
\l__fontspec_strongdef_int=\count327
\l__fontspec_tmpa_dim=\dimen267
\l__fontspec_tmpb_dim=\dimen268
\l__fontspec_tmpc_dim=\dimen269
\g__file_internal_ior=\read2

(/usr/share/texmf-dist/tex/latex/base/fontenc.sty
Package: fontenc 2017/04/05 v2.0i Standard LaTeX package

(/usr/share/texmf-dist/tex/latex/base/tuenc.def
File: tuenc.def 2017/04/05 v2.0i Standard LaTeX file
LaTeX Font Info:    Redeclaring font encoding TU on input line 82.
))
.................................................
. LaTeX info: "xparse/define-command"
. 
. Defining command \fontspec with sig. 'O{}mO{}' on line 474.
.................................................
.................................................
. LaTeX info: "xparse/define-command"
. 
. Defining command \setmainfont with sig. 'O{}mO{}' on line 485.
.................................................
.................................................
. LaTeX info: "xparse/define-command"
. 
. Defining command \setsansfont with sig. 'O{}mO{}' on line 505.
.................................................
.................................................
. LaTeX info: "xparse/define-command"
. 
. Defining command \setmonofont with sig. 'O{}mO{}' on line 525.
.................................................
.................................................
. LaTeX info: "xparse/define-command"
. 
. Defining command \setromanfont with sig. 'O{}mO{}' on line 545.
.................................................
.................................................
. LaTeX info: "xparse/define-command"
. 
. Defining command \setmathrm with sig. 'O{}mO{}' on line 549.
.................................................
.................................................
. LaTeX info: "xparse/define-command"
. 
. Defining command \setboldmathrm with sig. 'O{}mO{}' on line 557.
.................................................
.................................................
. LaTeX info: "xparse/define-command"
. 
. Defining command \setmathsf with sig. 'O{}mO{}' on line 565.
.................................................
.................................................
. LaTeX info: "xparse/define-command"
. 
. Defining command \setmathtt with sig. 'O{}mO{}' on line 573.
.................................................
.................................................
. LaTeX info: "xparse/define-command"
. 
. Defining command \newfontfamily with sig. 'mO{}mO{}' on line 588.
.................................................
.................................................
. LaTeX info: "xparse/define-command"
. 
. Defining command \newfontface with sig. 'mO{}mO{}' on line 605.
.................................................
.................................................
. LaTeX info: "xparse/define-command"
. 
. Defining command \defaultfontfeatures with sig. 't+om' on line 616.
.................................................
.................................................
. LaTeX info: "xparse/define-command"
. 
. Defining command \addfontfeatures with sig. 'm' on line 647.
.................................................
.................................................
. LaTeX info: "xparse/define-command"
. 
. Defining command \newfontfeature with sig. 'mm' on line 674.
.................................................
.................................................
. LaTeX info: "xparse/define-command"
. 
. Defining command \newAATfeature with sig. 'mmmm' on line 688.
.................................................
.................................................
. LaTeX info: "xparse/define-command"
. 
. Defining command \newopentypefeature with sig. 'mmm' on line 702.
.................................................
.................................................
. LaTeX info: "xparse/define-command"
. 
. Defining command \newICUfeature with sig. 'mmm' on line 722.
.................................................
.................................................
. LaTeX info: "xparse/define-command"
. 
. Defining command \aliasfontfeature with sig. 'mm' on line 726.
.................................................
.................................................
. LaTeX info: "xparse/define-command"
. 
. Defining command \aliasfontfeatureoption with sig. 'mmm' on line 747.
.................................................
.................................................
. LaTeX info: "xparse/define-command"
. 
. Defining command \newfontscript with sig. 'mm' on line 780.
.................................................
.................................................
. LaTeX info: "xparse/define-command"
. 
. Defining command \newfontlanguage with sig. 'mm' on line 784.
.................................................
.................................................
. LaTeX info: "xparse/define-command"
. 
. Defining command \DeclareFontsExtensions with sig. 'm' on line 788.
.................................................
.................................................
. LaTeX info: "xparse/define-command"
. 
. Defining command \IfFontFeatureActiveTF with sig. 'mmm' on line 799.
.................................................
.................................................
. LaTeX info: "xparse/define-command"
. 
. Defining command \EncodingCommand with sig. 'mO{}m' on line 3462.
.................................................
.................................................
. LaTeX info: "xparse/define-command"
. 
. Defining command \EncodingAccent with sig. 'mm' on line 3468.
.................................................
.................................................
. LaTeX info: "xparse/define-command"
. 
. Defining command \EncodingSymbol with sig. 'mm' on line 3474.
.................................................
.................................................
. LaTeX info: "xparse/define-command"
. 
. Defining command \EncodingComposite with sig. 'mmm' on line 3480.
.................................................
.................................................
. LaTeX info: "xparse/define-command"
. 
. Defining command \EncodingCompositeCommand with sig. 'mmm' on line 3486.
.................................................
.................................................
. LaTeX info: "xparse/define-command"
. 
. Defining command \DeclareUnicodeEncoding with sig. 'mm' on line 3511.
.................................................
.................................................
. LaTeX info: "xparse/define-command"
. 
. Defining command \UndeclareSymbol with sig. 'm' on line 3517.
.................................................
.................................................
. LaTeX info: "xparse/define-command"
. 
. Defining command \UndeclareComposite with sig. 'mm' on line 3525.
.................................................

(/usr/share/texmf-dist/tex/latex/fontspec/fontspec.cfg)
LaTeX Info: Redefining \itshape on input line 3710.
LaTeX Info: Redefining \slshape on input line 3715.
LaTeX Info: Redefining \scshape on input line 3720.
LaTeX Info: Redefining \upshape on input line 3725.
LaTeX Info: Redefining \em on input line 3755.
LaTeX Info: Redefining \emph on input line 3780.
LaTeX Info: Redefining \- on input line 3831.
.................................................
. LaTeX info: "xparse/redefine-command"
. 
. Redefining command \oldstylenums with sig. 'm' on line 3926.
.................................................
.................................................
. LaTeX info: "xparse/define-command"
. 
. Defining command \liningnums with sig. 'm' on line 3930.
.................................................
))
(/usr/share/texmf-dist/tex/xelatex/xunicode/xunicode.sty
File: xunicode.sty 2011/09/09 v0.981 provides access to latin accents and many 
other characters in Unicode lower plane

(/usr/share/texmf-dist/tex/latex/tipa/t3enc.def
File: t3enc.def 2001/12/31 T3 encoding
)
\tipaTiiicode=\count328
\tipasavetokens=\toks30
\tipachecktokens=\toks31

(/usr/share/texmf-dist/tex/latex/graphics/graphicx.sty
Package: graphicx 2017/06/01 v1.1a Enhanced LaTeX Graphics (DPC,SPQR)

(/usr/share/texmf-dist/tex/latex/graphics/graphics.sty
Package: graphics 2017/06/25 v1.2c Standard LaTeX Graphics (DPC,SPQR)

(/usr/share/texmf-dist/tex/latex/graphics/trig.sty
Package: trig 2016/01/03 v1.10 sin cos tan (DPC)
)
(/usr/share/texmf-dist/tex/latex/graphics-cfg/graphics.cfg
File: graphics.cfg 2016/06/04 v1.11 sample graphics configuration
)
Package graphics Info: Driver file: xetex.def on input line 99.

(/usr/share/texmf-dist/tex/latex/graphics-def/xetex.def
File: xetex.def 2017/06/24 v5.0h Graphics/color driver for xetex
))
\Gin@req@height=\dimen270
\Gin@req@width=\dimen271
))
\g__fontspec_family_LinuxLibertineO_int=\count329
.................................................
. fontspec info: "defining-font"
. 
. Font family 'LinuxLibertineO(0)' created for font 'Linux Libertine O' with
. options [Microtype,Ligatures=TeX,Ligatures=TeX,Numbers=OldStyle].
.  
.  This font family consists of the following NFSS series/shapes:
.  
. - 'normal' (m/n) with NFSS spec.: <->"Linux Libertine
. O/OT:script=latn;language=DFLT;protrusion=default,
. expansion=default;+onum;mapping=tex-text;"
. - 'small caps'  (m/sc) with NFSS spec.: <->"Linux Libertine
. O/OT:script=latn;language=DFLT;protrusion=default,
. expansion=default;+onum;+smcp;mapping=tex-text;"
. - 'bold' (bx/n) with NFSS spec.: <->"Linux Libertine
. O/B/OT:script=latn;language=DFLT;protrusion=default,
. expansion=default;+onum;mapping=tex-text;"
. - 'bold small caps'  (bx/sc) with NFSS spec.: <->"Linux Libertine
. O/B/OT:script=latn;language=DFLT;protrusion=default,
. expansion=default;+onum;+smcp;mapping=tex-text;"
. - 'italic' (m/it) with NFSS spec.: <->"Linux Libertine
. O/I/OT:script=latn;language=DFLT;protrusion=default,
. expansion=default;+onum;mapping=tex-text;"
. - 'italic small caps'  (m/itsc) with NFSS spec.: <->"Linux Libertine
. O/I/OT:script=latn;language=DFLT;protrusion=default,
. expansion=default;+onum;+smcp;mapping=tex-text;"
. - 'bold italic' (bx/it) with NFSS spec.: <->"Linux Libertine
. O/BI/OT:script=latn;language=DFLT;protrusion=default,
. expansion=default;+onum;mapping=tex-text;"
. - 'bold italic small caps'  (bx/itsc) with NFSS spec.: <->"Linux Libertine
. O/BI/OT:script=latn;language=DFLT;protrusion=default,
. expansion=default;+onum;+smcp;mapping=tex-text;"
.................................................
LaTeX Info: Redefining \rmfamily on input line 4.
Unknown feature `protrusion=default' in font `Linux Libertine O'.
Unknown feature `expansion=default' in font `Linux Libertine O'.
\g__fontspec_family_WenQuanYiMicroHei_int=\count330
.................................................
. fontspec info: "no-font-shape"
. 
. Could not resolve font "WenQuanYi Micro Hei/BI" (it probably doesn't exist).
.................................................
.................................................
. fontspec info: "no-font-shape"
. 
. Could not resolve font "WenQuanYi Micro Hei/B" (it probably doesn't exist).
.................................................
.................................................
. fontspec info: "no-font-shape"
. 
. Could not resolve font "WenQuanYi Micro Hei/I" (it probably doesn't exist).
.................................................
.................................................
. fontspec info: "defining-font"
. 
. Font family 'WenQuanYiMicroHei(0)' created for font 'WenQuanYi Micro Hei'
. with options [Microtype].
.  
.  This font family consists of the following NFSS series/shapes:
.  
. - 'normal' (m/n) with NFSS spec.: <->"WenQuanYi Micro
. Hei/OT:script=latn;language=DFLT;protrusion=default, expansion=default;"
. - 'small caps'  (m/sc) with NFSS spec.: 
.................................................

(/home/editorial/texmf/tex/toc.sty
(/usr/share/texmf-dist/tex/latex/titlesec/titletoc.sty
Package: titletoc 2011/12/15 v1.6 TOC entries
\ttl@leftsep=\dimen272
)
(/usr/share/texmf-dist/tex/latex/relsize/relsize.sty
Package: relsize 2013/03/29 ver 4.1
))
(/home/editorial/texmf/tex/hedraextra.sty
(/usr/share/texmf-dist/tex/latex/base/textcomp.sty
Package: textcomp 2017/04/05 v2.0i Standard LaTeX package
Package textcomp Info: Sub-encoding information:
(textcomp)               5 = only ISO-Adobe without \textcurrency
(textcomp)               4 = 5 + \texteuro
(textcomp)               3 = 4 + \textohm
(textcomp)               2 = 3 + \textestimated + \textcurrency
(textcomp)               1 = TS1 - \textcircled - \t
(textcomp)               0 = TS1 (full)
(textcomp)             Font families with sub-encoding setting implement
(textcomp)             only a restricted character set as indicated.
(textcomp)             Family '?' is the default used for unknown fonts.
(textcomp)             See the documentation for details.
Package textcomp Info: Setting ? sub-encoding to TS1/1 on input line 79.

(/usr/share/texmf-dist/tex/latex/base/ts1enc.def
File: ts1enc.def 2001/06/05 v3.0e (jk/car/fm) Standard LaTeX file
)
LaTeX Info: Redefining \oldstylenums on input line 334.
Package textcomp Info: Setting cmr sub-encoding to TS1/0 on input line 349.
Package textcomp Info: Setting cmss sub-encoding to TS1/0 on input line 350.
Package textcomp Info: Setting cmtt sub-encoding to TS1/0 on input line 351.
Package textcomp Info: Setting cmvtt sub-encoding to TS1/0 on input line 352.
Package textcomp Info: Setting cmbr sub-encoding to TS1/0 on input line 353.
Package textcomp Info: Setting cmtl sub-encoding to TS1/0 on input line 354.
Package textcomp Info: Setting ccr sub-encoding to TS1/0 on input line 355.
Package textcomp Info: Setting ptm sub-encoding to TS1/4 on input line 356.
Package textcomp Info: Setting pcr sub-encoding to TS1/4 on input line 357.
Package textcomp Info: Setting phv sub-encoding to TS1/4 on input line 358.
Package textcomp Info: Setting ppl sub-encoding to TS1/3 on input line 359.
Package textcomp Info: Setting pag sub-encoding to TS1/4 on input line 360.
Package textcomp Info: Setting pbk sub-encoding to TS1/4 on input line 361.
Package textcomp Info: Setting pnc sub-encoding to TS1/4 on input line 362.
Package textcomp Info: Setting pzc sub-encoding to TS1/4 on input line 363.
Package textcomp Info: Setting bch sub-encoding to TS1/4 on input line 364.
Package textcomp Info: Setting put sub-encoding to TS1/5 on input line 365.
Package textcomp Info: Setting uag sub-encoding to TS1/5 on input line 366.
Package textcomp Info: Setting ugq sub-encoding to TS1/5 on input line 367.
Package textcomp Info: Setting ul8 sub-encoding to TS1/4 on input line 368.
Package textcomp Info: Setting ul9 sub-encoding to TS1/4 on input line 369.
Package textcomp Info: Setting augie sub-encoding to TS1/5 on input line 370.
Package textcomp Info: Setting dayrom sub-encoding to TS1/3 on input line 371.
Package textcomp Info: Setting dayroms sub-encoding to TS1/3 on input line 372.

Package textcomp Info: Setting pxr sub-encoding to TS1/0 on input line 373.
Package textcomp Info: Setting pxss sub-encoding to TS1/0 on input line 374.
Package textcomp Info: Setting pxtt sub-encoding to TS1/0 on input line 375.
Package textcomp Info: Setting txr sub-encoding to TS1/0 on input line 376.
Package textcomp Info: Setting txss sub-encoding to TS1/0 on input line 377.
Package textcomp Info: Setting txtt sub-encoding to TS1/0 on input line 378.
Package textcomp Info: Setting lmr sub-encoding to TS1/0 on input line 379.
Package textcomp Info: Setting lmdh sub-encoding to TS1/0 on input line 380.
Package textcomp Info: Setting lmss sub-encoding to TS1/0 on input line 381.
Package textcomp Info: Setting lmssq sub-encoding to TS1/0 on input line 382.
Package textcomp Info: Setting lmvtt sub-encoding to TS1/0 on input line 383.
Package textcomp Info: Setting lmtt sub-encoding to TS1/0 on input line 384.
Package textcomp Info: Setting qhv sub-encoding to TS1/0 on input line 385.
Package textcomp Info: Setting qag sub-encoding to TS1/0 on input line 386.
Package textcomp Info: Setting qbk sub-encoding to TS1/0 on input line 387.
Package textcomp Info: Setting qcr sub-encoding to TS1/0 on input line 388.
Package textcomp Info: Setting qcs sub-encoding to TS1/0 on input line 389.
Package textcomp Info: Setting qpl sub-encoding to TS1/0 on input line 390.
Package textcomp Info: Setting qtm sub-encoding to TS1/0 on input line 391.
Package textcomp Info: Setting qzc sub-encoding to TS1/0 on input line 392.
Package textcomp Info: Setting qhvc sub-encoding to TS1/0 on input line 393.
Package textcomp Info: Setting futs sub-encoding to TS1/4 on input line 394.
Package textcomp Info: Setting futx sub-encoding to TS1/4 on input line 395.
Package textcomp Info: Setting futj sub-encoding to TS1/4 on input line 396.
Package textcomp Info: Setting hlh sub-encoding to TS1/3 on input line 397.
Package textcomp Info: Setting hls sub-encoding to TS1/3 on input line 398.
Package textcomp Info: Setting hlst sub-encoding to TS1/3 on input line 399.
Package textcomp Info: Setting hlct sub-encoding to TS1/5 on input line 400.
Package textcomp Info: Setting hlx sub-encoding to TS1/5 on input line 401.
Package textcomp Info: Setting hlce sub-encoding to TS1/5 on input line 402.
Package textcomp Info: Setting hlcn sub-encoding to TS1/5 on input line 403.
Package textcomp Info: Setting hlcw sub-encoding to TS1/5 on input line 404.
Package textcomp Info: Setting hlcf sub-encoding to TS1/5 on input line 405.
Package textcomp Info: Setting pplx sub-encoding to TS1/3 on input line 406.
Package textcomp Info: Setting pplj sub-encoding to TS1/3 on input line 407.
Package textcomp Info: Setting ptmx sub-encoding to TS1/4 on input line 408.
Package textcomp Info: Setting ptmj sub-encoding to TS1/4 on input line 409.
)
(/usr/share/texmf-dist/tex/latex/tools/bm.sty
Package: bm 2017/01/16 v1.2c Bold Symbol Support (DPC/FMi)
\symboldoperators=\mathgroup4
\symboldletters=\mathgroup5
\symboldsymbols=\mathgroup6
LaTeX Font Info:    Redeclaring math alphabet \mathbf on input line 141.
LaTeX Info: Redefining \bm on input line 207.
)
(/usr/share/texmf-dist/tex/latex/fix2col/fix2col.sty
Package: fix2col 2015/11/13 v0.04 Output Routine fixes for two column mode (DPC
,FMi)


Package fix2col Warning: Obsolete package: ignored.

) (/usr/share/texmf-dist/tex/latex/base/fixltx2e.sty
Package: fixltx2e 2016/12/29 v2.1a fixes to LaTeX (obsolete)
Applying: [2015/01/01] Old fixltx2e package on input line 46.


Package fixltx2e Warning: fixltx2e is not required with releases after 2015
(fixltx2e)                All fixes are now in the LaTeX kernel.
(fixltx2e)                See the latexrelease package for details.

Already applied: [0000/00/00] Old fixltx2e package on input line 53.
) (/usr/share/texmf-dist/tex/latex/lastpage/lastpage.sty
Package: lastpage 2015/03/29 v1.2m Refers to last page's name (HMM; JPG)
)
(/usr/share/texmf-dist/tex/latex/shorttoc/shorttoc.sty
Package: shorttoc 2002/08/20 v1.3 Short table of contents (JPFD)
)
\c@@sectionNumCenter=\count331
)
(/home/editorial/texmf/tex/graficos.sty
(/usr/share/texmf-dist/tex/latex/wrapfig/wrapfig.sty
\wrapoverhang=\dimen273
\WF@size=\dimen274
\c@WF@wrappedlines=\count332
\WF@box=\box51
\WF@everypar=\toks32
Package: wrapfig 2003/01/31  v 3.6
)

Class memoir Warning: You are using the caption package with the memoir class. 
To prepare we will now reset all captioning macros and configurations to kernel
 defaults, and then let the caption package take over. Please remember to use
 the caption package interfaces in order to
 configure your captions.

(/usr/share/texmf-dist/tex/latex/caption/caption.sty
Package: caption 2016/02/21 v3.3-144 Customizing captions (AR)

(/usr/share/texmf-dist/tex/latex/caption/caption3.sty
Package: caption3 2016/05/22 v1.7-166 caption3 kernel (AR)
Package caption3 Info: TeX engine: e-TeX on input line 67.
\captionmargin=\dimen275
\captionmargin@=\dimen276
\captionwidth=\dimen277
\caption@tempdima=\dimen278
\caption@indent=\dimen279
\caption@parindent=\dimen280
\caption@hangindent=\dimen281
)
\c@ContinuedFloat=\count333
Package caption Info: wrapfig package is loaded.
)
(/usr/share/texmf-dist/tex/latex/textpos/textpos.sty
Package: textpos 2016/06/07 v1.8

Package: textpos 2016/06/07 1.8, absolute positioning of text on the page
\TP@textbox=\box52
\TPHorizModule=\dimen282
\TPVertModule=\dimen283
\TP@margin=\dimen284
\TP@absmargin=\dimen285
Grid set 16 x 16 = 20.09476pt x 31.1202pt
\TPboxrulesize=\dimen286
\TP@tbargs=\toks33
\TP@prevdepth=\dimen287
) (/usr/share/texmf-dist/tex/latex/sttools/floatpag.sty
Package: floatpag 2012/05/29 v1.1 Different pagestyles on float pages
Package: floatpag 1999/04/29 FLOAT PAGESTYLE
)
(/usr/share/texmf-dist/tex/latex/morefloats/morefloats.sty
Package: morefloats 2015/07/22 v1.0h Raise limit of unprocessed floats (HMM)

(/usr/share/texmf-dist/tex/latex/oberdiek/kvoptions.sty
Package: kvoptions 2016/05/16 v3.12 Key value format for package options (HO)

(/usr/share/texmf-dist/tex/generic/oberdiek/ltxcmds.sty
Package: ltxcmds 2016/05/16 v1.23 LaTeX kernel commands for general use (HO)
)
(/usr/share/texmf-dist/tex/generic/oberdiek/kvsetkeys.sty
Package: kvsetkeys 2016/05/16 v1.17 Key value parser (HO)

(/usr/share/texmf-dist/tex/generic/oberdiek/infwarerr.sty
Package: infwarerr 2016/05/16 v1.4 Providing info/warning/error messages (HO)
)
(/usr/share/texmf-dist/tex/generic/oberdiek/etexcmds.sty
Package: etexcmds 2016/05/16 v1.6 Avoid name clashes with e-TeX commands (HO)
Package etexcmds Info: Could not find \expanded.
(etexcmds)             That can mean that you are not using pdfTeX 1.50 or
(etexcmds)             that some package has redefined \expanded.
(etexcmds)             In the latter case, load this package earlier.
)))
Package morefloats Info: Maximum number of possible floats asked for: 36
(morefloats)             (i.e. 18 more floats).
(morefloats)             LaTeX might run out of memory before this
(morefloats)             (in which case it will notify you).
))
\imageheight=\skip263
\imagewidth=\skip264

(/home/editorial/texmf/tex/hedralogo.sty
Package: hedralogo 27/12/08 v2.0 Editora Hedra (Mantenedor: JS)

(/usr/share/texmf-dist/tex/latex/graphics/color.sty
Package: color 2016/07/10 v1.1e Standard LaTeX Color (DPC)

(/usr/share/texmf-dist/tex/latex/graphics-cfg/color.cfg
File: color.cfg 2016/01/02 v1.6 sample color configuration
)
Package color Info: Driver file: xetex.def on input line 147.
)) (./fichatecnica.sty) (/home/editorial/texmf/tex/aparatos.sty
(/home/editorial/texmf/tex/listingx.sty)
(/home/editorial/texmf/tex/frontlayout.sty))
(/home/editorial/texmf/tex/fronthedra.tex)
(/home/editorial/texmf/tex/tabelas.sty
(/usr/share/texmf-dist/tex/latex/xtab/xtab.sty
Package: xtab 2011/07/31 v2.3f Extended supertabular package
\c@tracingst=\count334
\PWSTcapht=\dimen288
\ST@wd=\dimen289
\ST@rightskip=\skip265
\ST@leftskip=\skip266
\ST@parfillskip=\skip267
\c@PWSTtable=\count335
\PWSTlastpage=\count336
\PWSTpenultimate=\count337
\PWSTcurpage=\count338
\PWSTtempc=\count339
\PWSTlines=\count340
\PWST@lastht=\dimen290
\PWST@generalht=\dimen291
\PWST@ht=\dimen292
\ST@pageleft=\dimen293
\ST@headht=\dimen294
\ST@tailht=\dimen295
\ST@pagesofar=\dimen296
\ST@pboxht=\dimen297
\ST@lineht=\dimen298
\ST@stretchht=\dimen299
\ST@prevht=\dimen300
\ST@toadd=\dimen301
\ST@dimen=\dimen302
\ST@pbox=\box53
)
(/usr/share/texmf-dist/tex/latex/enumitem/enumitem.sty
Package: enumitem 2011/09/28 v3.5.2 Customized lists
\labelindent=\skip268
\enit@outerparindent=\dimen303
\enit@toks=\toks34
\enit@inbox=\box54
\enitdp@description=\count341
)
(/usr/share/texmf-dist/tex/latex/ctable/ctable.sty
Package: ctable 2015/10/17 v1.31 ctable package for flexible typesetting of tab
le and figure floats using key/value directives

(/usr/share/texmf-dist/tex/latex/xcolor/xcolor.sty
Package: xcolor 2016/05/11 v2.12 LaTeX color extensions (UK)

(/usr/share/texmf-dist/tex/latex/graphics-cfg/color.cfg
File: color.cfg 2016/01/02 v1.6 sample color configuration
)
Package xcolor Info: Driver file: xetex.def on input line 225.
LaTeX Info: Redefining \color on input line 709.
Package xcolor Info: Model `cmy' substituted by `cmy0' on input line 1348.
Package xcolor Info: Model `RGB' extended on input line 1364.
Package xcolor Info: Model `HTML' substituted by `rgb' on input line 1366.
Package xcolor Info: Model `Hsb' substituted by `hsb' on input line 1367.
Package xcolor Info: Model `tHsb' substituted by `hsb' on input line 1368.
Package xcolor Info: Model `HSB' substituted by `hsb' on input line 1369.
Package xcolor Info: Model `Gray' substituted by `gray' on input line 1370.
Package xcolor Info: Model `wave' substituted by `hsb' on input line 1371.
)
(/usr/share/texmf-dist/tex/latex/xkeyval/xkeyval.sty
Package: xkeyval 2014/12/03 v2.7a package option processing (HA)

(/usr/share/texmf-dist/tex/generic/xkeyval/xkeyval.tex
(/usr/share/texmf-dist/tex/generic/xkeyval/xkvutils.tex
\XKV@toks=\toks35
\XKV@tempa@toks=\toks36
)
\XKV@depth=\count342
File: xkeyval.tex 2014/12/03 v2.7a key=value parser (HA)
))
(/usr/share/texmf-dist/tex/latex/graphics/rotating.sty
Package: rotating 2016/08/11 v2.16d rotated objects in LaTeX
\c@r@tfl@t=\count343
\rotFPtop=\skip269
\rotFPbot=\skip270
\rot@float@box=\box55
\rot@mess@toks=\toks37
)

Package ctable Warning: 
(ctable)                Transparency disabled: pdfTeX is not running in PDF mod
e .

\@CTframesep=\dimen304
\@dfltCTframesep=\dimen305
\@CTframerule=\dimen306
\@dfltCTframerule=\dimen307
\@CTwidth=\dimen308
\@dfltCTwidth=\dimen309
\@CTcaptionskip=\dimen310
\@dfltCTcaptionskip=\dimen311
\@CTmaxwidth=\dimen312
\@dfltCTmaxwidth=\dimen313
\@CTmincapwidth=\dimen314
\@dfltCTmincapwidth=\dimen315
\@CTfooterwidth=\dimen316
\@dfltCTfooterwidth=\dimen317
\@CTw=\dimen318
\@CTfloatwidth=\dimen319
\@CToldsep=\dimen320
\@CToldrule=\dimen321
\CT@t=\box56
\@CTcurftwidth=\dimen322
)) (/home/editorial/texmf/tex/versos.sty) (./gitrevisioninfo.sty) (./LIVRO.aux
(./INPUTS.aux) (./PUBLICIDADE.aux))
\openout1 = `LIVRO.aux'.

LaTeX Font Info:    Checking defaults for OML/cmm/m/it on input line 12.
LaTeX Font Info:    ... okay on input line 12.
LaTeX Font Info:    Checking defaults for T1/cmr/m/n on input line 12.
LaTeX Font Info:    ... okay on input line 12.
LaTeX Font Info:    Checking defaults for OT1/cmr/m/n on input line 12.
LaTeX Font Info:    ... okay on input line 12.
LaTeX Font Info:    Checking defaults for OMS/cmsy/m/n on input line 12.
LaTeX Font Info:    ... okay on input line 12.
LaTeX Font Info:    Checking defaults for TU/lmr/m/n on input line 12.
LaTeX Font Info:    ... okay on input line 12.
LaTeX Font Info:    Checking defaults for OMX/cmex/m/n on input line 12.
LaTeX Font Info:    ... okay on input line 12.
LaTeX Font Info:    Checking defaults for U/cmr/m/n on input line 12.
LaTeX Font Info:    ... okay on input line 12.
LaTeX Font Info:    Checking defaults for LGR/cmr/m/n on input line 12.
LaTeX Font Info:    Try loading font information for LGR+cmr on input line 12.

(/usr/share/texmf-dist/tex/latex/cbfonts-fd/lgrcmr.fd
File: lgrcmr.fd 2017/07/29 v1.2 Greek European Computer Regular
)
LaTeX Font Info:    ... okay on input line 12.
LaTeX Font Info:    Checking defaults for EU1/lmr/m/n on input line 12.
LaTeX Font Info:    Try loading font information for EU1+lmr on input line 12.

(/usr/share/texmf-dist/tex/latex/euenc/eu1lmr.fd
File: eu1lmr.fd 2009/10/30 v1.6 Font defs for Latin Modern
)
LaTeX Font Info:    ... okay on input line 12.
LaTeX Font Info:    Checking defaults for T3/cmr/m/n on input line 12.
LaTeX Font Info:    Try loading font information for T3+cmr on input line 12.

(/usr/share/texmf-dist/tex/latex/tipa/t3cmr.fd
File: t3cmr.fd 2001/12/31 TIPA font definitions
)
LaTeX Font Info:    ... okay on input line 12.
LaTeX Font Info:    Checking defaults for TS1/cmr/m/n on input line 12.
LaTeX Font Info:    Try loading font information for TS1+cmr on input line 12.

(/usr/share/texmf-dist/tex/latex/base/ts1cmr.fd
File: ts1cmr.fd 2014/09/29 v2.5h Standard LaTeX font definitions
)
LaTeX Font Info:    ... okay on input line 12.
Unknown feature `protrusion=default' in font `Linux Libertine O'.
Unknown feature `expansion=default' in font `Linux Libertine O'.
LaTeX Info: Redefining \dots on input line 12.
LaTeX Info: Redefining \up on input line 12.
LaTeX Info: Redefining \microtypecontext on input line 12.
Package microtype Info: Character protrusion enabled (level 2).
Package microtype Info: Using default protrusion set `alltext'.
Package microtype Info: No adjustment of tracking.
Package microtype Info: No adjustment of spacing.
Package microtype Info: No adjustment of kerning.
Package microtype Info: Loading generic protrusion settings for font family
(microtype)             `LinuxLibertineO' (encoding: TU).
(microtype)             For optimal results, create family-specific settings.
(microtype)             See the microtype manual for details.
.................................................
. fontspec info: "setup-math"
. 
. Adjusting the maths setup (use [no-math] to avoid this).
.................................................
\symlegacymaths=\mathgroup7
LaTeX Font Info:    Overwriting symbol font `legacymaths' in version `bold'
(Font)                  OT1/cmr/m/n --> OT1/cmr/bx/n on input line 12.
LaTeX Font Info:    Redeclaring math accent \acute on input line 12.
LaTeX Font Info:    Redeclaring math accent \grave on input line 12.
LaTeX Font Info:    Redeclaring math accent \ddot on input line 12.
LaTeX Font Info:    Redeclaring math accent \tilde on input line 12.
LaTeX Font Info:    Redeclaring math accent \bar on input line 12.
LaTeX Font Info:    Redeclaring math accent \breve on input line 12.
LaTeX Font Info:    Redeclaring math accent \check on input line 12.
LaTeX Font Info:    Redeclaring math accent \hat on input line 12.
LaTeX Font Info:    Redeclaring math accent \dot on input line 12.
LaTeX Font Info:    Redeclaring math accent \mathring on input line 12.
LaTeX Font Info:    Redeclaring math symbol \colon on input line 12.
LaTeX Font Info:    Redeclaring math symbol \Gamma on input line 12.
LaTeX Font Info:    Redeclaring math symbol \Delta on input line 12.
LaTeX Font Info:    Redeclaring math symbol \Theta on input line 12.
LaTeX Font Info:    Redeclaring math symbol \Lambda on input line 12.
LaTeX Font Info:    Redeclaring math symbol \Xi on input line 12.
LaTeX Font Info:    Redeclaring math symbol \Pi on input line 12.
LaTeX Font Info:    Redeclaring math symbol \Sigma on input line 12.
LaTeX Font Info:    Redeclaring math symbol \Upsilon on input line 12.
LaTeX Font Info:    Redeclaring math symbol \Phi on input line 12.
LaTeX Font Info:    Redeclaring math symbol \Psi on input line 12.
LaTeX Font Info:    Redeclaring math symbol \Omega on input line 12.
LaTeX Font Info:    Redeclaring math symbol \mathdollar on input line 12.
LaTeX Font Info:    Redeclaring symbol font `operators' on input line 12.
LaTeX Font Info:    Encoding `OT1' has changed to `TU' for symbol font
(Font)              `operators' in the math version `normal' on input line 12.
LaTeX Font Info:    Overwriting symbol font `operators' in version `normal'
(Font)                  OT1/cmr/m/n --> TU/LinuxLibertineO(0)/m/n on input line
 12.
LaTeX Font Info:    Encoding `OT1' has changed to `TU' for symbol font
(Font)              `operators' in the math version `bold' on input line 12.
LaTeX Font Info:    Overwriting symbol font `operators' in version `bold'
(Font)                  OT1/cmr/bx/n --> TU/LinuxLibertineO(0)/m/n on input lin
e 12.
LaTeX Font Info:    Overwriting symbol font `operators' in version `normal'
(Font)                  TU/LinuxLibertineO(0)/m/n --> TU/LinuxLibertineO(0)/m/n
 on input line 12.
LaTeX Font Info:    Overwriting math alphabet `\mathit' in version `normal'
(Font)                  OT1/cmr/m/it --> TU/LinuxLibertineO(0)/m/it on input li
ne 12.
LaTeX Font Info:    Overwriting math alphabet `\mathbf' in version `normal'
(Font)                  OT1/cmr/bx/n --> TU/LinuxLibertineO(0)/bx/n on input li
ne 12.
LaTeX Font Info:    Overwriting math alphabet `\mathsf' in version `normal'
(Font)                  OT1/cmss/m/n --> TU/lmss/m/n on input line 12.
LaTeX Font Info:    Overwriting math alphabet `\mathtt' in version `normal'
(Font)                  OT1/cmtt/m/n --> TU/lmtt/m/n on input line 12.
LaTeX Font Info:    Overwriting symbol font `operators' in version `bold'
(Font)                  TU/LinuxLibertineO(0)/m/n --> TU/LinuxLibertineO(0)/bx/
n on input line 12.
LaTeX Font Info:    Overwriting math alphabet `\mathit' in version `bold'
(Font)                  OT1/cmr/bx/it --> TU/LinuxLibertineO(0)/bx/it on input 
line 12.
LaTeX Font Info:    Overwriting math alphabet `\mathsf' in version `bold'
(Font)                  OT1/cmss/bx/n --> TU/lmss/bx/n on input line 12.
LaTeX Font Info:    Overwriting math alphabet `\mathtt' in version `bold'
(Font)                  OT1/cmtt/m/n --> TU/lmtt/bx/n on input line 12.
Package lastpage Info: Please have a look at the pageslts package at
(lastpage)             https://www.ctan.org/pkg/pageslts
(lastpage)             ! on input line 12.
Package caption Info: Begin \AtBeginDocument code.
Package caption Info: rotating package is loaded.
Package caption Info: xtab package is loaded.
Package caption Info: End \AtBeginDocument code.
Unknown feature `protrusion=default' in font `Linux Libertine O'.
Unknown feature `expansion=default' in font `Linux Libertine O'.
Unknown feature `protrusion=default' in font `Linux Libertine O'.
Unknown feature `expansion=default' in font `Linux Libertine O'.
 [1

]
Unknown feature `protrusion=default' in font `Linux Libertine O'.
Unknown feature `expansion=default' in font `Linux Libertine O'.
Unknown feature `protrusion=default' in font `Linux Libertine O Semibold'.
Unknown feature `expansion=default' in font `Linux Libertine O Semibold'.
Unknown feature `protrusion=default' in font `Linux Libertine O'.
Unknown feature `expansion=default' in font `Linux Libertine O'.
LaTeX Font Info:    External font `cmex10' loaded for size
(Font)              <7> on input line 12.
LaTeX Font Info:    External font `cmex10' loaded for size
(Font)              <5> on input line 12.

(/usr/share/texmf-dist/tex/latex/microtype/mt-cmr.cfg
File: mt-cmr.cfg 2013/05/19 v2.2 microtype config. file: Computer Modern Roman 
(RS)
)
(/home/editorial/texmf/tex/frontconselho.tex)
Unknown feature `protrusion=default' in font `Linux Libertine O Italic'.
Unknown feature `expansion=default' in font `Linux Libertine O Italic'.
Unknown feature `protrusion=default' in font `Linux Libertine O'.
Unknown feature `expansion=default' in font `Linux Libertine O'.
 [2

]
Unknown feature `protrusion=default' in font `Linux Libertine O'.
Unknown feature `expansion=default' in font `Linux Libertine O'.
Unknown feature `protrusion=default' in font `Linux Libertine O'.
Unknown feature `expansion=default' in font `Linux Libertine O'.
Unknown feature `protrusion=default' in font `Linux Libertine O Italic'.
Unknown feature `expansion=default' in font `Linux Libertine O Italic'.
 [3] [4

] (./LIVRO.toc
Unknown feature `protrusion=default' in font `Linux Libertine O'.
Unknown feature `expansion=default' in font `Linux Libertine O'.
Unknown feature `protrusion=default' in font `Linux Libertine O'.
Unknown feature `expansion=default' in font `Linux Libertine O'.
)
[5]
\openout2 = `INPUTS.aux'.

 (./INPUTS.tex (./INTRODUCAO554.tex [6



]
Unknown feature `protrusion=default' in font `Linux Libertine O Italic'.
Unknown feature `expansion=default' in font `Linux Libertine O Italic'.
Unknown feature `protrusion=default' in font `Linux Libertine O'.
Unknown feature `expansion=default' in font `Linux Libertine O'.
LaTeX Font Info:    External font `cmex10' loaded for size
(Font)              <9> on input line 7.
LaTeX Font Info:    External font `cmex10' loaded for size
(Font)              <6> on input line 7.
Unknown feature `protrusion=default' in font `Linux Libertine O Italic'.
Unknown feature `expansion=default' in font `Linux Libertine O Italic'.
Unknown feature `protrusion=default' in font `Linux Libertine O'.
Unknown feature `expansion=default' in font `Linux Libertine O'.
Unknown feature `protrusion=default' in font `Linux Libertine O Italic'.
Unknown feature `expansion=default' in font `Linux Libertine O Italic'.
 [7]
Overfull \hbox (0.17413pt too wide) in paragraph at lines 26--42
\TU/LinuxLibertineO(0)/m/n/10.95 p.148-149) a encontra nas fbulas milsias e m
ostra tam-
 []

[8] [9]
Underfull \vbox (badness 10000) has occurred while \output is active []

 [10]
Underfull \vbox (badness 6725) has occurred while \output is active []

 [11]
Overfull \hbox (6.59445pt too wide) in paragraph at lines 211--231
\TU/LinuxLibertineO(0)/m/n/10.95 homens que, com seu discurso, frequentam assid
uamente
 []

[12] [13]
Underfull \vbox (badness 3240) has occurred while \output is active []

 [14]
[15]
Unknown feature `protrusion=default' in font `Linux Libertine O'.
Unknown feature `expansion=default' in font `Linux Libertine O'.
Unknown feature `protrusion=default' in font `Linux Libertine O Semibold'.
Unknown feature `expansion=default' in font `Linux Libertine O Semibold'.
 [16]
Underfull \vbox (badness 10000) has occurred while \output is active []

 [17]
Underfull \vbox (badness 1082) has occurred while \output is active []

 [18]
Overfull \hbox (5.3644pt too wide) in paragraph at lines 389--399
\TU/LinuxLibertineO(0)/m/n/10.95 fio proposto, exemplifica esse impulso do \TU/
LinuxLibertineO(0)/m/it/10.95 thymos\TU/LinuxLibertineO(0)/m/n/10.95 , mesmo
 []


Overfull \hbox (4.84976pt too wide) in paragraph at lines 389--399
\TU/LinuxLibertineO(0)/m/n/10.95 quais predominam o amor pela vitria (\TU/Linu
xLibertineO(0)/m/it/10.95 nik\TU/LinuxLibertineO(0)/m/n/10.95 ) e pela honra
 []

[19] [20]
Overfull \hbox (4.58696pt too wide) in paragraph at lines 440--450
\TU/LinuxLibertineO(0)/m/n/10.95 imagem do trajeto das almas divinas e humanas,
 valendo-
 []


Overfull \hbox (4.83511pt too wide) in paragraph at lines 457--472
\TU/LinuxLibertineO(0)/m/n/10.95 fortemente ligado aos impulsos mais violentos,
 enquanto
 []


Overfull \hbox (15.0807pt too wide) in paragraph at lines 457--472
\TU/LinuxLibertineO(0)/m/n/10.95 uma viso de quem  conduzido pelo entusistic
o (\TU/LinuxLibertineO(0)/m/it/10.95 enthoun\TU/LinuxLibertineO(0)/m/n/10.95 ),

 []

[21] [22] [23

] [24]) (./FEDRO.tex
Overfull \hbox (0.6121pt too wide) in paragraph at lines 11--17
\TU/LinuxLibertineO(0)/m/n/10.95 percorri o passeio pelas estradas (\TU/LinuxLi
bertineO(0)/m/it/10.95 hodos\TU/LinuxLibertineO(0)/m/n/10.95 ), pois, segundo
 []

[25

]
Overfull \hbox (20.82944pt too wide) in paragraph at lines 85--104
\TU/LinuxLibertineO(0)/m/n/10.95 res (\TU/LinuxLibertineO(0)/m/it/10.95 lgein\
TU/LinuxLibertineO(0)/m/n/10.95 ), persuadido de boa vontade (\TU/LinuxLibertin
eO(0)/m/it/10.95 epetheto prothms\TU/LinuxLibertineO(0)/m/n/10.95 ).
 []


Overfull \hbox (13.69366pt too wide) in paragraph at lines 85--104
\TU/LinuxLibertineO(0)/m/n/10.95 muros (\TU/LinuxLibertineO(0)/m/it/10.95 ekts
 techous\TU/LinuxLibertineO(0)/m/n/10.95 ) para exercitar-te, encontraste aque
le
 []

[26] [27]
Underfull \hbox (badness 10000) in paragraph at lines 156--157

 []


Underfull \hbox (badness 10000) in paragraph at lines 156--157

 []


Overfull \hbox (2.30765pt too wide) in paragraph at lines 162--165
[]\TU/LinuxLibertineO(0)/m/n/10.95 [229b] F: Uma sombra, uma brisa moderada (\T
U/LinuxLibertineO(0)/m/it/10.95 pnema
 []

Unknown feature `protrusion=default' in font `Linux Libertine O'.
Unknown feature `expansion=default' in font `Linux Libertine O'.
LaTeX Font Info:    External font `cmex10' loaded for size
(Font)              <10.95> on input line 187.
LaTeX Font Info:    External font `cmex10' loaded for size
(Font)              <8> on input line 187.

Overfull \hbox (3.07027pt too wide) in paragraph at lines 186--189
[]\TU/LinuxLibertineO(0)/m/n/10.95 [229c] S: No  aqui, mas dois ou trs estd
ios$[]$abaixo,
 []

[28] [29]
Overfull \hbox (2.38843pt too wide) in paragraph at lines 250--255
\TU/LinuxLibertineO(0)/m/n/10.95 mirvel. Pelo que dizes, sem nenhum artifcio 
(\TU/LinuxLibertineO(0)/m/it/10.95 atchns\TU/LinuxLibertineO(0)/m/n/10.95 ),
 []

[30]
Overfull \hbox (5.18552pt too wide) in paragraph at lines 274--288
\TU/LinuxLibertineO(0)/m/n/10.95 cessado o seu desejo (\TU/LinuxLibertineO(0)/m
/it/10.95 epithymas pasntai\TU/LinuxLibertineO(0)/m/n/10.95 ), arrependem-
 []


Overfull \hbox (3.46999pt too wide) in paragraph at lines 274--288
\TU/LinuxLibertineO(0)/m/n/10.95 desejando-lhes (\TU/LinuxLibertineO(0)/m/it/10
.95 boulesainto\TU/LinuxLibertineO(0)/m/n/10.95 ) o melhor nos assuntos pes-
 []

[31]
Overfull \hbox (40.127pt too wide) in paragraph at lines 317--330
\TU/LinuxLibertineO(0)/m/n/10.95 pois  verossmil (\TU/LinuxLibertineO(0)/m/it
/10.95 eiks esti\TU/LinuxLibertineO(0)/m/n/10.95 ) [232a] que os amantes, cons
iderando-
 []

[32] [33]
Overfull \hbox (24.80254pt too wide) in paragraph at lines 358--396
[]\TU/LinuxLibertineO(0)/m/n/10.95 Na verdade, muitos amantes (\TU/LinuxLiberti
neO(0)/m/it/10.95 erntn\TU/LinuxLibertineO(0)/m/n/10.95 ) desejam (\TU/LinuxL
ibertineO(0)/m/it/10.95 epethm-
 []

[34] [35] [36]
Overfull \hbox (7.81963pt too wide) in paragraph at lines 473--487
\TU/LinuxLibertineO(0)/m/n/10.95 nem mesmo o prprio Lsias consideraria sufici
ente. E me
 []

[37] [38] [39]
Overfull \hbox (5.51602pt too wide) in paragraph at lines 563--566
[]\TU/LinuxLibertineO(0)/m/n/10.95 S: Tomaste a srio,  Fedro, porque eu brinq
uei acerca
 []


Overfull \hbox (2.98825pt too wide) in paragraph at lines 569--580
\TU/LinuxLibertineO(0)/m/n/10.95 trocando mutuamente de papis, e que no queir
as ainda
 []


Overfull \hbox (8.03256pt too wide) in paragraph at lines 583--586
\TU/LinuxLibertineO(0)/m/n/10.95 se, de improviso, um inbil como eu procurasse
 equiparar-
 []

[40]
Overfull \hbox (1.16882pt too wide) in paragraph at lines 589--591
[]\TU/LinuxLibertineO(0)/m/n/10.95 F: Perceba que  melhor parar (\TU/LinuxLibe
rtineO(0)/m/it/10.95 pasai\TU/LinuxLibertineO(0)/m/n/10.95 ) de vangloriar-
 []


Overfull \hbox (5.87738pt too wide) in paragraph at lines 616--618
[]\TU/LinuxLibertineO(0)/m/n/10.95 S: Em absoluto, uma vez que tu prometeste is
so, como
 []


Overfull \hbox (0.43152pt too wide) in paragraph at lines 639--640
[]\TU/LinuxLibertineO(0)/m/n/10.95 F: Simplesmente fala, de resto faz como quei
ras (\TU/LinuxLibertineO(0)/m/it/10.95 bo-
 []


Overfull \hbox (15.90923pt too wide) in paragraph at lines 643--656
\TU/LinuxLibertineO(0)/m/n/10.95 ambas so epnimas, toma da minha palavra (\
TU/LinuxLibertineO(0)/m/it/10.95 to mthou\TU/LinuxLibertineO(0)/m/n/10.95 )
 []

[41] [42] [43]
Overfull \hbox (2.62157pt too wide) in paragraph at lines 723--724
[]\TU/LinuxLibertineO(0)/m/n/10.95 F: Completamente,  Scrates, foste tomado p
or uma
 []


Overfull \hbox (3.47368pt too wide) in paragraph at lines 745--762
\TU/LinuxLibertineO(0)/m/n/10.95 (\TU/LinuxLibertineO(0)/m/it/10.95 nosonti\TU
/LinuxLibertineO(0)/m/n/10.95 )  necessrio que tudo lhe seja agradvel (\TU/L
inuxLibertineO(0)/m/it/10.95 hed\TU/LinuxLibertineO(0)/m/n/10.95 )
 []

[44] [45]
Overfull \hbox (6.74774pt too wide) in paragraph at lines 787--802
\TU/LinuxLibertineO(0)/m/n/10.95 para avanarmos no comentrio, mas delimitemos
 a ques-
 []

[46] [47] [48]
Overfull \hbox (7.82446pt too wide) in paragraph at lines 884--902
\TU/LinuxLibertineO(0)/m/n/10.95 entregar-se a algum sem crena (\TU/LinuxLibe
rtineO(0)/m/it/10.95 apsti\TU/LinuxLibertineO(0)/m/n/10.95 ), mal-humorado,
 []

[49] [50]
Overfull \hbox (6.62564pt too wide) in paragraph at lines 954--968
[]\TU/LinuxLibertineO(0)/m/n/10.95 S: Quando decidi,  meu caro, atravessar o r
io, um \TU/LinuxLibertineO(0)/m/it/10.95 dai-
 []

[51]
Overfull \hbox (6.80855pt too wide) in paragraph at lines 1010--1026
\TU/LinuxLibertineO(0)/m/it/10.95 rasthai\TU/LinuxLibertineO(0)/m/n/10.95 ). H
 uma purificao arcaica (\TU/LinuxLibertineO(0)/m/it/10.95 katharms archaos\
TU/LinuxLibertineO(0)/m/n/10.95 )
 []

[52]
Overfull \hbox (4.41176pt too wide) in paragraph at lines 1041--1048
\TU/LinuxLibertineO(0)/m/n/10.95 algo pela linguagem abusiva contra Eros, trato
 de ofertar-
 []


Underfull \vbox (badness 2698) has occurred while \output is active []

 [53]
Overfull \hbox (19.91164pt too wide) in paragraph at lines 1106--1108
[]\TU/LinuxLibertineO(0)/m/n/10.95 F: Ele est junto a ti, muito perto e sempre
 a acompanhar-
 []


Overfull \hbox (8.11285pt too wide) in paragraph at lines 1111--1131
\TU/LinuxLibertineO(0)/m/it/10.95 manas\TU/LinuxLibertineO(0)/m/n/10.95 ), a q
ual seguramente  um presente divino (\TU/LinuxLibertineO(0)/m/it/10.95 theai\
TU/LinuxLibertineO(0)/m/n/10.95 ).
 []

[54] [55]
Overfull \hbox (11.77379pt too wide) in paragraph at lines 1153--1163
\TU/LinuxLibertineO(0)/m/n/10.95 ros, sendo assim encontrado (\TU/LinuxLibertin
eO(0)/m/it/10.95 heuromne\TU/LinuxLibertineO(0)/m/n/10.95 ) o correto (\TU/Lin
uxLibertineO(0)/m/it/10.95 orths\TU/LinuxLibertineO(0)/m/n/10.95 )
 []

[56] [57] [58] [59]
Overfull \hbox (6.66382pt too wide) in paragraph at lines 1258--1278
\TU/LinuxLibertineO(0)/m/n/10.95 Ele  seguido por um exrcito de deuses e \TU/
LinuxLibertineO(0)/m/it/10.95 daimnes \TU/LinuxLibertineO(0)/m/n/10.95 (\TU/Li
nuxLibertineO(0)/m/it/10.95 then
 []


Overfull \hbox (0.84932pt too wide) in paragraph at lines 1258--1278
\TU/LinuxLibertineO(0)/m/it/10.95 te ka daimnn\TU/LinuxLibertineO(0)/m/n/10.
95 ) ordenados (\TU/LinuxLibertineO(0)/m/it/10.95 kekosmmn\TU/LinuxLibertine
O(0)/m/n/10.95 ) em onze par-
 []


Overfull \hbox (15.8764pt too wide) in paragraph at lines 1258--1278
\TU/LinuxLibertineO(0)/m/n/10.95 manece fora do coro dos deuses (\TU/LinuxLiber
tineO(0)/m/it/10.95 x theou choro\TU/LinuxLibertineO(0)/m/n/10.95 ). Quando

 []


Overfull \hbox (0.9936pt too wide) in paragraph at lines 1279--1286
[]\TU/LinuxLibertineO(0)/m/n/10.95 Ali mesmo fica o ltimo (\TU/LinuxLibertineO
(0)/m/it/10.95 skatos\TU/LinuxLibertineO(0)/m/n/10.95 ) grau de sofrimento
 []

[60] [61] [62] [63]
Overfull \hbox (3.60869pt too wide) in paragraph at lines 1389--1402
\TU/LinuxLibertineO(0)/m/n/10.95 memorando o verdadeiro (\TU/LinuxLibertineO(0)
/m/it/10.95 althos anamimneiskmenos\TU/LinuxLibertineO(0)/m/n/10.95 )
 []

[64] [65]
Overfull \hbox (30.96378pt too wide) in paragraph at lines 1448--1455
[]\TU/LinuxLibertineO(0)/m/n/10.95 [250e] Um recm-iniciado ou algum que veio 
a corromper-
 []


Overfull \hbox (0.89679pt too wide) in paragraph at lines 1448--1455
\TU/LinuxLibertineO(0)/m/n/10.95 leza mesma (\TU/LinuxLibertineO(0)/m/it/10.95 
prs aut t kllos\TU/LinuxLibertineO(0)/m/n/10.95 ), contemplando o mesmo
 []

[66]
Overfull \hbox (0.2313pt too wide) in paragraph at lines 1456--1487
\TU/LinuxLibertineO(0)/m/n/10.95 vocadas pelo brotar das asas (\TU/LinuxLiberti
neO(0)/m/it/10.95 phousa t pter\TU/LinuxLibertineO(0)/m/n/10.95 ). Quando,
 []


Overfull \hbox (32.16635pt too wide) in paragraph at lines 1456--1487
\TU/LinuxLibertineO(0)/m/n/10.95 mado de desejo (\TU/LinuxLibertineO(0)/m/it/10
.95 hmeros\TU/LinuxLibertineO(0)/m/n/10.95 ) []  irrigada e aquecida, recompo
ndo-
 []

[67]
Overfull \hbox (2.96832pt too wide) in paragraph at lines 1507--1515
[]\TU/LinuxLibertineO(0)/m/n/10.95 [252b] Essa afeco (\TU/LinuxLibertineO(0)/
m/it/10.95 t pthos\TU/LinuxLibertineO(0)/m/n/10.95 ),  bela criana a quem
 []

[68]
Overfull \hbox (1.11578pt too wide) in paragraph at lines 1530--1561
\TU/LinuxLibertineO(0)/m/n/10.95 penhado nestas ocupaes, logo atentamente apr
endem,
 []


Underfull \vbox (badness 10000) has occurred while \output is active []

 [69]
Overfull \hbox (16.56989pt too wide) in paragraph at lines 1562--1581
\TU/LinuxLibertineO(0)/m/n/10.95 o predileto (\TU/LinuxLibertineO(0)/m/it/10.95
 t paidik\TU/LinuxLibertineO(0)/m/n/10.95 ) a imit-lo (\TU/LinuxLibertineO(0
)/m/it/10.95 mimomenoi\TU/LinuxLibertineO(0)/m/n/10.95 ), conduzem-
 []


Overfull \hbox (8.06177pt too wide) in paragraph at lines 1562--1581
\TU/LinuxLibertineO(0)/m/n/10.95 -no, assim,  ocupao e ao aspecto (\TU/Linux
LibertineO(0)/m/it/10.95 idian\TU/LinuxLibertineO(0)/m/n/10.95 ) daquele [deus
]
 []

[70] [71] [72]
Overfull \hbox (2.37244pt too wide) in paragraph at lines 1639--1734
[]\TU/LinuxLibertineO(0)/m/n/10.95 [254e] O auriga sofre a maior dessas afece
s (\TU/LinuxLibertineO(0)/m/it/10.95 pthos
 []


Overfull \hbox (3.11604pt too wide) in paragraph at lines 1639--1734
\TU/LinuxLibertineO(0)/m/it/10.95 pathn\TU/LinuxLibertineO(0)/m/n/10.95 ), com
o se estivesse impedido por uma corda, uma
 []


Overfull \hbox (0.75812pt too wide) in paragraph at lines 1639--1734
\TU/LinuxLibertineO(0)/m/n/10.95 A partir da, ocorre que a alma do amante (\TU
/LinuxLibertineO(0)/m/it/10.95 erasto\TU/LinuxLibertineO(0)/m/n/10.95 ) passa
 []


Overfull \hbox (8.04593pt too wide) in paragraph at lines 1639--1734
\TU/LinuxLibertineO(0)/m/n/10.95 zade. E quando por muito tempo age assim, apro
ximando-
 []


Overfull \hbox (2.01367pt too wide) in paragraph at lines 1639--1734
\TU/LinuxLibertineO(0)/m/n/10.95 [255c] a ento [surge] a fonte (\TU/LinuxLibe
rtineO(0)/m/it/10.95 pg\TU/LinuxLibertineO(0)/m/n/10.95 ) daquele fluxo (\TU/
LinuxLibertineO(0)/m/it/10.95 rhe-
 []


Overfull \hbox (4.91177pt too wide) in paragraph at lines 1639--1734
\TU/LinuxLibertineO(0)/m/n/10.95 (\TU/LinuxLibertineO(0)/m/it/10.95 mthais\TU/
LinuxLibertineO(0)/m/n/10.95 ) ou em outras ocasies de despreocupao (\TU/Lin
uxLibertineO(0)/m/it/10.95 ame-
 []


Overfull \hbox (4.2548pt too wide) in paragraph at lines 1639--1734
\TU/LinuxLibertineO(0)/m/it/10.95 leai\TU/LinuxLibertineO(0)/m/n/10.95 ), os d
ois [cavalos] libertinos (\TU/LinuxLibertineO(0)/m/it/10.95 akolst\TU/LinuxLi
bertineO(0)/m/n/10.95 ), sob o mesmo
 []


Overfull \hbox (10.76639pt too wide) in paragraph at lines 1639--1734
\TU/LinuxLibertineO(0)/m/n/10.95 jugo, tomam as almas desprevenidas (\TU/LinuxL
ibertineO(0)/m/it/10.95 aphrorous\TU/LinuxLibertineO(0)/m/n/10.95 ), unindo-
 []


Overfull \hbox (9.31006pt too wide) in paragraph at lines 1639--1734
\TU/LinuxLibertineO(0)/m/n/10.95 mento em ocasies futuras, embora raramente is
so ocorra,
 []

[73] [74] [75] [76] [77]
Overfull \hbox (8.55084pt too wide) in paragraph at lines 1763--1773
\TU/LinuxLibertineO(0)/m/n/10.95 sultos proferidos o designava por loggrafo (\
TU/LinuxLibertineO(0)/m/it/10.95 logogrphon\TU/LinuxLibertineO(0)/m/n/10.95 ).

 []


Overfull \hbox (8.15495pt too wide) in paragraph at lines 1793--1802
[]\TU/LinuxLibertineO(0)/m/n/10.95 S: Doce rodeio,  Fedro, mas esqueces ainda 
do grande
 []

[78]
Overfull \hbox (3.06131pt too wide) in paragraph at lines 1819--1827
\TU/LinuxLibertineO(0)/m/n/10.95 pelo povo, ou por ambos, e ao dizer aquele 
que, refere-
 []


Overfull \hbox (2.69255pt too wide) in paragraph at lines 1834--1837
\TU/LinuxLibertineO(0)/m/n/10.95 dignidade (\TU/LinuxLibertineO(0)/m/it/10.95 
xios\TU/LinuxLibertineO(0)/m/n/10.95 ) de escrever (\TU/LinuxLibertineO(0)/m/it
/10.95 suggrphein\TU/LinuxLibertineO(0)/m/n/10.95 ), lamentando-
 []

[79]
Overfull \hbox (2.94643pt too wide) in paragraph at lines 1864--1867
[]\TU/LinuxLibertineO(0)/m/n/10.95 S: Consideras que um desses, qualquer um, co
m qual-
 []

[80]
Overfull \hbox (7.19304pt too wide) in paragraph at lines 1914--1925
\TU/LinuxLibertineO(0)/m/n/10.95 quanto isso, as cigarras cantoras conversam en
tre si nesse
 []

[81]
Overfull \hbox (8.7917pt too wide) in paragraph at lines 1979--1986
\TU/LinuxLibertineO(0)/m/n/10.95 compreender (\TU/LinuxLibertineO(0)/m/it/10.95
 manthnein\TU/LinuxLibertineO(0)/m/n/10.95 ) o que  verdadeiramente justo
 []

[82]
Overfull \hbox (0.12303pt too wide) in paragraph at lines 2007--2012
\TU/LinuxLibertineO(0)/m/n/10.95 se alguma coisa, entretanto, eu soubesse sobre
 voc, que
 []

[83]
Overfull \hbox (2.35684pt too wide) in paragraph at lines 2056--2065
\TU/LinuxLibertineO(0)/m/n/10.95 ento, o que digo veementemente: que, sem mim,
 aquele
 []


Overfull \hbox (3.75304pt too wide) in paragraph at lines 2084--2086
[]\TU/LinuxLibertineO(0)/m/n/10.95 [261a] Precisamos desses discursos,  Scrat
es, traze-
 []

[84]
Overfull \hbox (2.37135pt too wide) in paragraph at lines 2111--2114
\TU/LinuxLibertineO(0)/m/n/10.95 que especialmente nos tribunais (\TU/LinuxLibe
rtineO(0)/m/it/10.95 diks\TU/LinuxLibertineO(0)/m/n/10.95 ) fala-se e escreve-

 []

[85] [86]
Overfull \hbox (3.1853pt too wide) in paragraph at lines 2247--2253
\TU/LinuxLibertineO(0)/m/it/10.95 bzein\TU/LinuxLibertineO(0)/m/n/10.95 ), seg
uindo as menores semelhanas (\TU/LinuxLibertineO(0)/m/it/10.95 homoiottn\TU/
LinuxLibertineO(0)/m/n/10.95 )
 []

[87]
Overfull \hbox (0.54277pt too wide) in paragraph at lines 2272--2276
\TU/LinuxLibertineO(0)/m/n/10.95 servar o que neles h desprovido de arte (\TU/
LinuxLibertineO(0)/m/it/10.95 atchnn\TU/LinuxLibertineO(0)/m/n/10.95 ), bem
 []

[88] [89]
Overfull \hbox (4.58331pt too wide) in paragraph at lines 2399--2404
\TU/LinuxLibertineO(0)/m/it/10.95 smn\TU/LinuxLibertineO(0)/m/n/10.95 ), ou c
onsideras ser possvel admitir o que h pouco
 []

[90]
Overfull \hbox (32.19553pt too wide) in paragraph at lines 2437--2443
\TU/LinuxLibertineO(0)/m/n/10.95 tenha cessado o seu desejo (\TU/LinuxLibertine
O(0)/m/it/10.95 epithymas pasntai\TU/LinuxLibertineO(0)/m/n/10.95 ), arrepen
dem-
 []

[91]
Overfull \hbox (6.12184pt too wide) in paragraph at lines 2486--2491
[]\TU/LinuxLibertineO(0)/m/n/10.95 S: Verifica (\TU/LinuxLibertineO(0)/m/it/10.
95 skpsai\TU/LinuxLibertineO(0)/m/n/10.95 ) esse discurso do teu companheiro,
 []


Overfull \hbox (4.64049pt too wide) in paragraph at lines 2486--2491
\TU/LinuxLibertineO(0)/m/n/10.95 seja ele assim ou de outra maneira. No encont
ras (\TU/LinuxLibertineO(0)/m/it/10.95 heur-
 []


Overfull \hbox (3.05223pt too wide) in paragraph at lines 2536--2539
[]\TU/LinuxLibertineO(0)/m/n/10.95 S: Meus dois discursos eram como que opostos
 (\TU/LinuxLibertineO(0)/m/it/10.95 enan-
 []


Overfull \hbox (10.0948pt too wide) in paragraph at lines 2536--2539
\TU/LinuxLibertineO(0)/m/it/10.95 t\TU/LinuxLibertineO(0)/m/n/10.95 ), pois u
m dizia que  necessrio agraciar (\TU/LinuxLibertineO(0)/m/it/10.95 chardzest
hai\TU/LinuxLibertineO(0)/m/n/10.95 )
 []

[92]
Overfull \hbox (3.19144pt too wide) in paragraph at lines 2546--2550
\TU/LinuxLibertineO(0)/m/n/10.95 que de fato eu procurava. Pois dizemos ser o a
mor (\TU/LinuxLibertineO(0)/m/it/10.95 erta\TU/LinuxLibertineO(0)/m/n/10.95 )
 []


Overfull \hbox (2.58675pt too wide) in paragraph at lines 2557--2561
\TU/LinuxLibertineO(0)/m/n/10.95 mas habituais sob a influncia da divindade (\
TU/LinuxLibertineO(0)/m/it/10.95 hyp theas\TU/LinuxLibertineO(0)/m/n/10.95 ).
 
 []

[93]
Overfull \hbox (15.47115pt too wide) in paragraph at lines 2623--2642
\TU/LinuxLibertineO(0)/m/it/10.95 lin\TU/LinuxLibertineO(0)/m/n/10.95 ) discern
-la (\TU/LinuxLibertineO(0)/m/it/10.95 tmnn\TU/LinuxLibertineO(0)/m/n/10.95 
) enquanto no descobriu (\TU/LinuxLibertineO(0)/m/it/10.95 epheurn\TU/LinuxLi
bertineO(0)/m/n/10.95 )
 []


Overfull \hbox (7.6347pt too wide) in paragraph at lines 2623--2642
\TU/LinuxLibertineO(0)/m/n/10.95 amor, apresentando-a diante dos nossos olhos e
 cantando-
 []

[94] [95]
Overfull \hbox (0.18143pt too wide) in paragraph at lines 2697--2704
\TU/LinuxLibertineO(0)/m/n/10.95 peito, em terceiro lugar a prova (\TU/LinuxL
ibertineO(0)/m/it/10.95 tekmria\TU/LinuxLibertineO(0)/m/n/10.95 ) e em quarto
 []


Overfull \hbox (55.02235pt too wide) in paragraph at lines 2711--2730
\TU/LinuxLibertineO(0)/m/it/10.95 ron\TU/LinuxLibertineO(0)/m/n/10.95 ) a conci
so discursiva e seu prolongamento indefinido?$[]$Ouvindo
 []


Overfull \hbox (0.41867pt too wide) in paragraph at lines 2711--2730
\TU/LinuxLibertineO(0)/m/n/10.95 isso de mim, outrora, Prdico sorriu e disse q
ue somente
 []

[96]
Overfull \hbox (5.67094pt too wide) in paragraph at lines 2746--2751
\TU/LinuxLibertineO(0)/m/n/10.95 [267c] Com sua duplicao discursiva (\TU/Linu
xLibertineO(0)/m/it/10.95 diplasiologan\TU/LinuxLibertineO(0)/m/n/10.95 )\TU/L
inuxLibertineO(0)/m/it/10.95 , \TU/LinuxLibertineO(0)/m/n/10.95 co-
 []

[97] [98]
Overfull \hbox (1.9025pt too wide) in paragraph at lines 2864--2870
[]\TU/LinuxLibertineO(0)/m/n/10.95 [269a] S: Ento, Sfocles e Eurpides mostra
riam que
 []

[99] [100] [101]
Overfull \hbox (2.19814pt too wide) in paragraph at lines 2976--2979
[]\TU/LinuxLibertineO(0)/m/n/10.95 F: Se devemos acreditar em Hipcrates, que p
ertence
 []

[102]
Overfull \hbox (3.8314pt too wide) in paragraph at lines 3055--3060
\TU/LinuxLibertineO(0)/m/n/10.95 disposio entre gneros de discursos e almas,
 bem como
 []


Overfull \hbox (7.74055pt too wide) in paragraph at lines 3067--3073
\TU/LinuxLibertineO(0)/m/n/10.95 todas essas artes discursivas e as dissimulam,
 tendo muito
 []

[103] [104]
Overfull \hbox (0.95718pt too wide) in paragraph at lines 3136--3137
[]\TU/LinuxLibertineO(0)/m/n/10.95 F: Eu poderia at tentar, mas assim, agora, 
no posso. 
 []

[105]
Overfull \hbox (6.77698pt too wide) in paragraph at lines 3157--3174
\TU/LinuxLibertineO(0)/m/n/10.95 feito o que dissemos no incio dessa discusso
: que aquele
 []

[106] [107] [108]
Overfull \hbox (35.36737pt too wide) in paragraph at lines 3298--3332
\TU/LinuxLibertineO(0)/m/n/10.95 no trato, tornando-se sbios apenas aparenteme
nte(\TU/LinuxLibertineO(0)/m/it/10.95 doxsophoi\TU/LinuxLibertineO(0)/m/n/10.9
5 ),
 []

[109] [110]
Overfull \hbox (1.1032pt too wide) in paragraph at lines 3348--3350
[]\TU/LinuxLibertineO(0)/m/n/10.95 F: Correta  a tua repreenso e me parece qu
e, acerca
 []

[111] [112]
Overfull \hbox (2.83687pt too wide) in paragraph at lines 3441--3445
[]\TU/LinuxLibertineO(0)/m/n/10.95 S: Ento no vai cuidadosamente escrev-las 
na gua
 []


Overfull \hbox (0.71436pt too wide) in paragraph at lines 3472--3479
\TU/LinuxLibertineO(0)/m/n/10.95 belo o empenho daquele que, pela arte da dial
tica, toma
 []

[113] [114] [115] [116] [117]) (./POSFACIO904.tex [118]
Overfull \hbox (1.3263pt too wide) in paragraph at lines 34--51
\TU/LinuxLibertineO(0)/m/n/10.95 tratado. Mostra tambm que esses temas todos: 
(1) tica,
 []

[119

]
Underfull \vbox (badness 10000) has occurred while \output is active []

 [120]
Underfull \vbox (badness 10000) has occurred while \output is active []

 [121]
[122] [123] [124]
Overfull \hbox (6.50563pt too wide) in paragraph at lines 184--190
\TU/LinuxLibertineO(0)/m/n/10.95 lneo ou espcie de hino pronunciado por Scra
tes. Desse
 []


Overfull \hbox (3.48103pt too wide) in paragraph at lines 191--208
\TU/LinuxLibertineO(0)/m/n/10.95 pelo qual Scrates por em discusso (2) a nat
ureza desse
 []

[125]
Unknown feature `protrusion=default' in font `Linux Libertine O Italic'.
Unknown feature `expansion=default' in font `Linux Libertine O Italic'.

Underfull \vbox (badness 10000) has occurred while \output is active []

 [126]
Underfull \vbox (badness 10000) has occurred while \output is active []

 [127]
Overfull \hbox (13.64824pt too wide) in paragraph at lines 262--272
[]\TU/LinuxLibertineO(0)/m/n/10.95 No testemunho \TU/LinuxLibertineO(0)/m/sc/10
.95 b\TU/LinuxLibertineO(0)/m/n/10.95 22c recolhido por Davies (1991, p.145)
 []

[128]
Overfull \hbox (7.33904pt too wide) in paragraph at lines 328--335
\TU/LinuxLibertineO(0)/m/n/10.95 da fixidez terrestre, classificando duas vezes
 o movimento
 []


Underfull \vbox (badness 2443) has occurred while \output is active []

 [129]
[130]
Overfull \hbox (4.10255pt too wide) in paragraph at lines 362--370
[]\TU/LinuxLibertineO(0)/m/n/10.95 A mimese, um procedimento vital da cultura m
nem-
 []


Overfull \hbox (0.34564pt too wide) in paragraph at lines 362--370
\TU/LinuxLibertineO(0)/m/n/10.95 construindo histrias diferentes a partir dess
e corpo tex-
 []


Underfull \vbox (badness 10000) has occurred while \output is active []

 [131]
Underfull \vbox (badness 10000) has occurred while \output is active []

 [132]
Overfull \hbox (1.06108pt too wide) in paragraph at lines 433--444
\TU/LinuxLibertineO(0)/m/n/10.95 decalque, de no ter uma boa dico, como se e
ssa marca
 []


Overfull \hbox (13.2618pt too wide) in paragraph at lines 433--444
\TU/LinuxLibertineO(0)/m/n/10.95 primordial em que Iscrates  completamente in
bil.  pos-
 []

[133]
Overfull \hbox (1.8312pt too wide) in paragraph at lines 445--458
\TU/LinuxLibertineO(0)/m/n/10.95 vesse tambm fama de excelente escritor e fund
asse uma
 []


Underfull \vbox (badness 10000) has occurred while \output is active []

 [134]
Overfull \hbox (0.72403pt too wide) in paragraph at lines 495--506
\TU/LinuxLibertineO(0)/m/n/10.95 serviu muitas vezes como material de consulta.
 Em fran-
 []


Underfull \vbox (badness 2556) has occurred while \output is active []

 [135]
Unknown feature `protrusion=default' in font `Linux Libertine O Italic'.
Unknown feature `expansion=default' in font `Linux Libertine O Italic'.

Overfull \hbox (1.1847pt too wide) in paragraph at lines 528--531
[]\TU/LinuxLibertineO(0)/m/n/10.95 Burnet, J. \TU/LinuxLibertineO(0)/m/it/10.95
 Platonis Opera \TU/LinuxLibertineO(0)/m/n/10.95 tomus \TU/LinuxLibertineO(0)/m
/sc/10.95 ii\TU/LinuxLibertineO(0)/m/n/10.95 , Oxford: Oxford Clas-
 []

[136]
Overfull \hbox (2.96097pt too wide) in paragraph at lines 551--555
\TU/LinuxLibertineO(0)/m/n/10.95 aparatu critic ornavit, Ed. Couvreur, Paris: 
mile Bouil-
 []


Underfull \vbox (badness 10000) has occurred while \output is active []

 [137]
Overfull \hbox (3.50604pt too wide) in paragraph at lines 584--587
\TU/LinuxLibertineO(0)/m/n/10.95 commentary by W.HThompson, London: Wittaker an
d
 []


Overfull \hbox (12.32329pt too wide) in paragraph at lines 607--610
\TU/LinuxLibertineO(0)/m/n/10.95 Andocides, trad. KJMaidment, Harvard Universit
y Press,
 []


Underfull \vbox (badness 10000) has occurred while \output is active []

 [138]
Overfull \hbox (3.26756pt too wide) in paragraph at lines 647--650
[]\TU/LinuxLibertineO(0)/m/n/10.95 Euripides. \TU/LinuxLibertineO(0)/m/it/10.95
 Hiplito\TU/LinuxLibertineO(0)/m/n/10.95 , trad. Miralles, C., Barcelona: Bosc
h,
 []


Overfull \hbox (2.44267pt too wide) in paragraph at lines 660--663
[]\TU/LinuxLibertineO(0)/m/n/10.95 Halicarnassus, Dionysius of. \TU/LinuxLibert
ineO(0)/m/it/10.95 Critical Essays\TU/LinuxLibertineO(0)/m/n/10.95 , vol. 1, tr
ad.
 []


Overfull \hbox (4.96967pt too wide) in paragraph at lines 663--666
[]\TU/LinuxLibertineO(0)/m/n/10.95 Hermgenes. \TU/LinuxLibertineO(0)/m/it/10.9
5 Commentarium in Hermogenis librum \TU/LinuxLibertineO(0)/m/n/10.95 per
 []


Overfull \hbox (2.31497pt too wide) in paragraph at lines 666--668
[]\TU/LinuxLibertineO(0)/m/n/10.95 Herdoto. \TU/LinuxLibertineO(0)/m/it/10.95 
Histria\TU/LinuxLibertineO(0)/m/n/10.95 , trad. Kury, M.GBraslia: UnB, 1985. 

 []


Underfull \vbox (badness 10000) has occurred while \output is active []

 [139]
Overfull \hbox (0.14323pt too wide) in paragraph at lines 674--677
[]\TU/LinuxLibertineO(0)/m/n/10.95 Hipcrates. \TU/LinuxLibertineO(0)/m/it/10.9
5 Aforismos\TU/LinuxLibertineO(0)/m/n/10.95 , trad. JMde Rezende, So Paulo:
 []


Overfull \hbox (3.2579pt too wide) in paragraph at lines 695--698
[]\TU/LinuxLibertineO(0)/m/n/10.95 Isocrates \TU/LinuxLibertineO(0)/m/it/10.95
 Antidosis\TU/LinuxLibertineO(0)/m/n/10.95 , a commentary, Too, YL., New York:
 []


Underfull \vbox (badness 10000) has occurred while \output is active []

 [140]
Overfull \hbox (5.82628pt too wide) in paragraph at lines 711--713
[]\TU/LinuxLibertineO(0)/m/n/10.95 Omero. \TU/LinuxLibertineO(0)/m/it/10.95 Odi
ssea\TU/LinuxLibertineO(0)/m/n/10.95 , trad. Onesti, RC.,Torino: Einaudi, 1989.
 
 []


Overfull \hbox (3.46954pt too wide) in paragraph at lines 713--715
[]\TU/LinuxLibertineO(0)/m/n/10.95 Pausanias. \TU/LinuxLibertineO(0)/m/it/10.95
 Description of Greece\TU/LinuxLibertineO(0)/m/n/10.95 , Leipzig: Teubner, 1967
. 
 []


Overfull \hbox (5.3274pt too wide) in paragraph at lines 720--723
[]\TU/LinuxLibertineO(0)/m/n/10.95 Plato. \TU/LinuxLibertineO(0)/m/it/10.95 Ap
ologia de Scrates, Eutifron, Crton, \TU/LinuxLibertineO(0)/m/n/10.95 trad\TU/
LinuxLibertineO(0)/m/it/10.95 . \TU/LinuxLibertineO(0)/m/n/10.95 Malta,
 []


Overfull \hbox (1.7164pt too wide) in paragraph at lines 735--738
[]\TU/LinuxLibertineO(0)/m/n/10.95 Plato. \TU/LinuxLibertineO(0)/m/it/10.95 Pa
rmnides\TU/LinuxLibertineO(0)/m/n/10.95 , trad. Iglsias, M& Rodrigues, FSo
 []


Underfull \vbox (badness 10000) has occurred while \output is active []

 [141]
Overfull \hbox (0.36339pt too wide) in paragraph at lines 759--762
[]\TU/LinuxLibertineO(0)/m/n/10.95 Plotino. \TU/LinuxLibertineO(0)/m/it/10.95 S
obre o Belo \TU/LinuxLibertineO(0)/m/n/10.95 In \TU/LinuxLibertineO(0)/m/it/10.
95 Tratados das Enadas\TU/LinuxLibertineO(0)/m/n/10.95 , trad. Som-
 []


Overfull \hbox (20.10147pt too wide) in paragraph at lines 768--770
[]\TU/LinuxLibertineO(0)/m/n/10.95 Strabo. \TU/LinuxLibertineO(0)/m/it/10.95 Ge
ography\TU/LinuxLibertineO(0)/m/n/10.95 , Volume V: Books 1012, trad. HLJones,

 []


Overfull \hbox (4.25066pt too wide) in paragraph at lines 786--789
[]\TU/LinuxLibertineO(0)/m/n/10.95 Arnaoutoglou, I. \TU/LinuxLibertineO(0)/m/it
/10.95 Leis da Grcia Antiga\TU/LinuxLibertineO(0)/m/n/10.95 , So Paulo: Odys-

 []

[142]
Underfull \vbox (badness 10000) has occurred while \output is active []

 [143]
Underfull \vbox (badness 10000) has occurred while \output is active []

 [144]
Overfull \hbox (3.87025pt too wide) in paragraph at lines 897--900
[]\TU/LinuxLibertineO(0)/m/n/10.95 Ferrari, GRF. \TU/LinuxLibertineO(0)/m/it/10
.95 Listening to the Cicadas: A Study of Platos
 []


Overfull \hbox (9.72565pt too wide) in paragraph at lines 897--900
\TU/LinuxLibertineO(0)/m/it/10.95 Phaedrus\TU/LinuxLibertineO(0)/m/n/10.95 , Ca
mbridge: Cambridge Classical Studies, 1990. 
 []


Underfull \vbox (badness 10000) has occurred while \output is active []

 [145]
Underfull \vbox (badness 10000) has occurred while \output is active []

 [146]
Overfull \hbox (2.91838pt too wide) in paragraph at lines 1003--1006
[]\TU/LinuxLibertineO(0)/m/n/10.95 Moss, C. \TU/LinuxLibertineO(0)/m/it/10.95 
Histoire dune dmocratie: Athnes\TU/LinuxLibertineO(0)/m/n/10.95 , Paris: Edi
-
 []


Underfull \vbox (badness 10000) has occurred while \output is active []

 [147]
Overfull \hbox (3.19945pt too wide) in paragraph at lines 1009--1012
\TU/LinuxLibertineO(0)/m/it/10.95 the construct of philosophy\TU/LinuxLibertine
O(0)/m/n/10.95 , Cambridge University Press,
 []


Overfull \hbox (6.16693pt too wide) in paragraph at lines 1016--1019
[]\TU/LinuxLibertineO(0)/m/n/10.95 Pradeau J-F& Brisson, L. \TU/LinuxLibertineO
(0)/m/it/10.95 Dictionnaire Platon\TU/LinuxLibertineO(0)/m/n/10.95 , Paris: Eli
p-
 []


Overfull \hbox (17.90536pt too wide) in paragraph at lines 1036--1040
[]\TU/LinuxLibertineO(0)/m/n/10.95 Robinson, TM. \TU/LinuxLibertineO(0)/m/it/10
.95 The argument for immortality in Platos Pha-
 []


Underfull \vbox (badness 10000) has occurred while \output is active []

 [148]
Overfull \hbox (10.80151pt too wide) in paragraph at lines 1076--1079
[]\TU/LinuxLibertineO(0)/m/n/10.95 Urbina, JM P. \TU/LinuxLibertineO(0)/m/it/10
.95 Diccionario bilinge manual Griego clssico-
 []


Underfull \vbox (badness 10000) has occurred while \output is active []

 [149]))
[150] 
AED: lastpage setting LastPage
\openout2 = `PUBLICIDADE.aux'.

(/home/editorial/texmf/tex/PUBLICIDADE.tex [151



]
Underfull \hbox (badness 10000) in paragraph at lines 6--8

 []

[152]
Underfull \vbox (badness 10000) has occurred while \output is active []

 [153]
Unknown feature `protrusion=default' in font `Linux Libertine O Italic'.
Unknown feature `expansion=default' in font `Linux Libertine O Italic'.

Underfull \vbox (badness 10000) has occurred while \output is active []

 [154]
[155]) [156


]
\tf@toc=\write5
\openout5 = `LIVRO.toc'.

 (./LIVRO.aux (./INPUTS.aux) (./PUBLICIDADE.aux)) ) 
Here is how much of TeX's memory you used:
 26075 strings out of 492998
 478591 string characters out of 6139960
 717640 words of memory out of 5000000
 29584 multiletter control sequences out of 15000+600000
 542816 words of font info for 99 fonts, out of 8000000 for 9000
 1372 hyphenation exceptions out of 8191
 54i,14n,88p,10345b,534s stack positions out of 5000i,500n,10000p,200000b,80000s

Output written on LIVRO.xdv (156 pages, 2404192 bytes).
